617.555.1212
900-555-1212
617.761.6200
617.761.6200
617.253.5899
117 973 2353
208 263 8178
208 263 8178
510-859-3689
818 919 3600
818 919 3614
201 540 8967
201 993 3032
818 919 3600
818 919 3614
201 540 8967
201 993 3032
617 495 3864
650-327-2600
202 707 6237
202 707 0115
613-789-1818
464-619-3000
415-345-8563
900-555-1212
617-395-1252
617 395 1252
425-703-8238
763-786-8160
763-786-8180
650-633-4490
800-633-0925
900-555-1212
900-555-1212
888-649-2990
888-649-2990
800-585-0774
800-585-0774
800-585-0774
800-443-8158
888-649-2990
888-649-2990
888-649-2990
888-649-2990
888-649-2990
800-443-8158
888-649-2990
888-649-2990
888-649-2990
888-649-2990
888-649-2990
800-585-0774
800-585-0774
800-585-0774
310-925-1720
310-925-1720
888-649-2990
888-649-2990
217-241-2015
217-241-2015
443-289-1061
443-289-1061
800-585-0774
800-585-0774
888-777-1318
800-585-0774
800-443-8158
888-649-2990
888-649-2990
888-649-2990
888-649-2990
888-649-2990
800-443-8158
888-649-2990
888-649-2990
888-649-2990
888-649-2990
888-649-2990
408-537-4034
408-536-4700
800-455-1130
312-360-5148
408-536-4700
800-585-0774
888-649-2990
877-722-7088
800-685-3644
800-585-0774
888-649-2990
408-536-6000
408-537-6000
206-675-7000
415-832-2000
415-832-2020
781-839-1000
781-839-1001
212-471-0904
212-471-0990
801-722-7000
571-765-5400
571-765-5450
613-940-3676
613-594-8886
120 444 4711
120 433 3427
800-585-0774
877-324-6744
877-324-6744
800-585-0774
443-289-1061
443-289-1061
800-685-3644
800-585-0774
800-585-0774
800-833-6687
800-585-0774
800-833-6687
800-585-0774
800-585-0774
877.722.7088
877-324-6744
800-585-0774
888-649-2990
888-649-2990
888-649-2990
800-585-0774
800-585-0774
800-585-0774
800-833-6687
877.722.7088
888-649-2990
888-649-2990
888-649-2990
888-649-2990
877.722.7088
800-585-0774
800-585-0774
800-585-0774
888-649-2990
800-585-0774
800-585-0774
800-585-0774
800-585-0774
877.722.7088
877.722.7088
800-585-0774
310-925-1720
310-925-1720
877.722.7088
310-925-1720
310-925-1720
818-386-1022
818-386-1022
800-585-0774
800-585-0774
800-443-8158
888-649-2990
888-649-2990
888-649-2990
888-649-2990
888-649-2990
800-443-8158
888-649-2990
888-649-2990
888-649-2990
888-649-2990
888-649-2990
888-649-2990
888-649-2990
888-649-2990
888-649-2990
888-649-2990
800-585-0774
800-585-0774
800-585-0774
800-443-8158
888-649-2990
888-649-2990
888-649-2990
888-649-2990
888-649-2990
800-443-8158
888-649-2990
888-649-2990
888-649-2990
888-649-2990
888-649-2990
800-585-0774
800-585-0774
800-585-0774
800-585-0774
800-585-0774
800-585-0774
888-649-2990
800-585-0774
800-800-8300
800-800-8300
800-800-8300
800-800-8300
800-800-8300
800-800-8300
800-800-8300
888-649-2990
800-800-8300
888-678-3688
800-800-8300
800-800-8300
888-881-3842
888-881-3842
800-800-8300
800-800-8300
800-800-8300
800-800-8300
888-222-4346
800-800-8300
800-800-8300
800-800-8300
510-657-8747
571-327-0844
800-585-0774
800-585-0774
800-585-0774
800-585-0774
800-585-0774
443-289-1061
800-585-0774
443-289-1061
443-289-1061
800-585-0774
443-289-1061
800-585-0774
443-289-1061
443-289-1061
800-585-0774
443-289-1061
800-585-0774
443-289-1061
443-289-1061
800-585-0774
800-585-0774
800-585-0774
800-585-0774
800-585-0774
443-289-1061
443-289-1061
800-585-0774
443-289-1061
443-289-1061
800-585-0774
800-585-0774
800-585-0774
800-585-0774
800-585-0774
800-585-0774
800-585-0774
877-722-7088
877-792-3623
877-792-3623
877-792-3623
800-585-0774
800-443-8158
770-123-1234
800-585-0774
800-585-0774
818 919 3600
818 919 3614
201 540 8967
201 993 3032
877-722-7088
888-649-2990
818 919 3600
818 919 3614
201 540 8967
201 993 3032
617 495 3864
888-649-2990
650-327-2600
202 707 6237
202 707 0115
613-789-1818
464-619-3000
888-649-2990
888-649-2990
800-585-0774
800-585-0774
800-585-0774
800-443-8158
888-649-2990
888-649-2990
888-649-2990
888-649-2990
888-649-2990
800-443-8158
888-649-2990
888-649-2990
888-649-2990
888-649-2990
888-649-2990
800-585-0774
800-585-0774
800-585-0774
415-345-8563
900-555-1212
617-395-1252
617 395 1252
703.837.1070
425-703-8238
763-786-8160
763-786-8180
650-633-4490
800-633-0925
737.352.3262
900-555-1212
900-555-1212
816-555-1212 
617-253-5702 
617-258-5999 
949-679-2960 
949-679-2972 
408-536-3024 
650-327-4466 
650-327-4466 
650-327-4466 
650-327-4466 
908 549 3716 
425-703-8238 
800-585-0774
877-722-7088
888-649-2990
888-649-2990
888-649-2990
888-649-2990
555-321-8642 
800-585-0774
800-585-0774
800-585-0774
800-443-8158
888-649-2990
888-649-2990
888-649-2990
888-649-2990
888-649-2990
800-443-8158
888-649-2990
888-649-2990
888-649-2990
888-649-2990
888-649-2990
555-321-8624 
800-585-0774
800-585-0774
800-585-0774
877-722-7088
800-585-0774
800-585-0774
800-585-0774
800-585-0774
877-722-7088
877-792-3623
877-792-3623
877-792-3623
800-585-0774
800-585-0774
800-585-0774
888-649-2990
555-321-8642 
555-321-8624 
555 123 4567 
617 253 5702 
617 253 5702 
555 123 1234 
408-536-6048
415-593-8465
650.238.0263 
555 666 7777 
800 466 4411 
617-761-6200
117 973 2353
617-555-7332 
617.555.7332 
617-555-7332 
617.555.7332 
617-555-7332 
617.555.7332 
617-555-7332 
617.555.7332 
617-555-7332 
617.555.7332 
617-555-7332 
617.555.7332 
617-555-7332 
617.555.7332 
617-395-7664 
617.761.6200 
617.761.6200 
617.761.6200 
617.761.6200 
617.761.6200 
617.761.6200 
006.862 1995 
006.862 2007 
026.104 2009 
026.104 2012 
026.104 2009 
998.376 2041 
998.328 2040 
998.328 2038 
054.938 2003 
054.602 1995 
997.824 2056 
997.824 2054 
054.626 1999 
054.626 2000 
998.376 2074 
998.328 2074 
998.328 2072 
114.007 1999 
998.352 2108 
997.704 2106 
997.704 2103 
102.006 2007 
997.464 2101 
113.791 1996 
114.007 1999 
979.509 2025 
979.509 2022 
979.509 2018 
972.707 2015 
007.729 2016 
010.195 2029 
027.128 2019 
024.689 2019 
027.128 2019 
031.541 2016 
031.812 2027 
019.119 2040 
050.073 2022 
024.024 2042 
048.176 2026 
048.176 2025 
048.176 2025 
048.176 2025 
048.176 2025 
020.474 2048 
019.119 2051 
060.202 2014 
024.024 2053 
061.828 2025 
061.828 2025 
061.828 2025 
061.828 2027 
052.587 2021 
020.474 2059 
065.616 2031 
065.616 2034 
065.616 2031 
078.141 2029 
015.054 2101 
617-761-6200 
877 906-7957
855-842-5267
855-842-5267 
855-842-5267
855-842-5267 
855-842-5267
855-842-5267 
855-842-5267
855-842-5267 
855-842-5267
855-842-5267 
(610)332-1300
(610)332-1300 
800-919-9922
800-919-9922 
650.930.3555
650.930.3555 
877-503-0842
877-503-0842
877-503-0842 
877-503-0842 
877 906-7957
877 906-7957 
877 906-7957
877 906-7957 
866-954-1565
866-954-1565 
877 906-7957
877 906-7957 
877 906-7957
877 906-7957 
415 695 3975
541 346 1747
301-728-7199
703-439-2120
800-356-9377
650-872-8513
877-739-1173
830-896-7000
800-843-0008
(816-474-8477
202-628-8500
202-628-8503
310-448-6600
617-619-6265
850-000-3796
815-987-1366
727-893-8111
(941) 917-9000
503-231-3510
800-671-0996
301-796-4669
888-463-6332
800-647-5463
877-721-1738
866-246-6453
877-721-1737
877-908-4179
650 253 0000
650 253 0001
862-844-0800
211-000-0800
221-844-0800
800-252-3104
(877)-906-7957
877-591-4957
212.937.6955
877-908-4183
(734) 332-6500
(404) 487-9100
(617) 575-1300
(303) 245-0086
(312) 840-4100
248-593-4000
(949) 794-1600
(310) 310-6000
608-669-9600
650-253-0000
(212) 565-0000
(412) 345-6700
(202) 370-5600
(650) 253-0000
(415) 736-0000
425-739-5600
206-876-1800
(202) 346-1100
519-880-2300
514-670-8700
495-644-1400
495-644-1401
(812) 313-4800
(812) 313-4801
650-214-3381
719-325-2135
888-437-9357
(866-468-4664
949.667.0796
(612) 673-4000
866.245.4366
818-713-3664
818-949-4200
113 227 0800
415-723-7869
(408) 536-4030
(757) 628-6232
757-625-1313
757-628-5855
212 973 5943
(920) 569-7500
888-947-8679
800-998-9938
707-827-7000
(707) 827-7019
(800) 889-8969
(555) 555-5555
(415) 869-8627
(707) 202-0030
(310) 597 3781
(310) 555 3781
555-321-8642
555-321-8624
617-379-2752
617.395.7664
718.260.9447
617.253.2613
402 894-9456
816-555-1212
617-253-5702
617-258-5999
949-679-2960
949-679-2972
408-536-3024
514 747 2547
514 747 2561
510-492-4080
510-492-4001
877-809-1659
916 555 1234
916 483 8878
650 924-2455
(866)-551-5924
212 939 7149
(408) 525 8651
010 600 3736
(510) 573-2237
(972) 509-5599
858-651-8345
(908) 541-3518
206 780 0431
978 936 1622
978 936 2030
646 827 0648
555-555-8377
800-220-4242
817-271-3552
888.696.0423
843-760-8199
800.342.7377
800-342-7377
888-455-2940
800.762.7123
866.746.7924
866.969.6123
800-927-7671
(800) 927-7671
530-600-2084
775-303-0543
801-604-7592
801-415-5176
800-891-0625
800-891-0522
333-222-2222
800-366-8201
866-781-9246
810.387.2241
877-337-0167
888-684-1888
800-945-3355
800-474-6836
(800)-440-1904
714-731-7205
(213) 825-4864
(805) 961-3221
(801) 322-8224
(213) 393-0411
(617) 662-5500
(617) 491-1850
(213) 393-9411
801-322-7211
213-825-4864
415-326-6200
805-961-3221
415-843-2621
888-697-2037
(866) 257-9193
(617) 864-6900
(617) 864-6790
(415) 326-6200
(703) 893-3500
(617) 562-5500
(617) 899-8400
(412) 683-7000
800-334-5144
(213) 825-2543
(617) 862-5500
(617) 868-1020
(313) 764-9423
(617) 868-7600
(217) 333-1000
(415) 321-2300
(216) 368-2000
(213) 825-2368
(617) 495-3989
217-333-0799
617-864-6900
(213) 825-7518
(914) 945-1159
(617) 762-6700
(202) 694-5921
(202) 694-5922
510-739-3777
(216) 368-4467
(617) 491-5301
(517) 495-4147
(217) 333-0395
(315) 330-3857
(315) 330-7834
(213) 825-2381
(805) 961-2274
(801) 322-8378
703-893-3500
800-816-2237
888-476-6972
800-631-3811
800-726-7864
626-913-0828
800-369-1409
(201) 949-2231
888-447-6564
(714) 833-6891
(617-491-3670
800-390-1119
847-550-1954
(800) 390-1119
(213) 825 2368
(626) 271-9403
(805) 961-4044
(805) 961-3454
312-873-7500
800-363-1621
888-878-7817
312-443-8028
519 620 7227
845 456 9611
866-659-9097
(217) 333-6375
617-491-3670
(405) 321-2300
817-864-6900
(213-825-2368
703) 893-3500
(415) 961-1111
(617) 491-3670
(412) 621-2600
(202) 694-5037
(303) 499-1000
(617) 495-4147
(216) 368-2936
(301) 921-2601
(714) 453-2000
(213) 746-2240
(801) 581-8378
(613) 992-9238
(314) 361-7356
(603) 646-2643
(519) 744-6111
(617) 227-1805
(312) 753-8762
(604) 228-3072
(516) 246-4080
(202) 632-7349
(217) 333-1515
(315) 330-4254
(213) 825-7541
(213) 825-4797
130 393-9411
(202) 693-3917
(213) 746-6379
(801) 581-7200
(301) 278-4574
(402) 294-5245
(703) 664-5511
(415) 965-6033
(914) 945-2052
(415) 643-2740
(703) 836-3882
(415) 327-8823
(617) 443-9521
(201) 932-2085
(415) 329-0740
(213) 825-4822
(805) 961-3793
(202) 693-3911
(415) 493-1600
(416) 920-6865
(613) 996-7051
(202) 692-4304
(419) 242-6543
(617) 495-3857
(415) 843-2740
(617) 442-9521
(415) 327-9333
(213) 825-5834
(801) 581-7888
(617-864-6900
617-492-4777
646-867-3751
(202) 785-1624
(703) 893-2100
(412-687-5846
(412-626-2600
(412-621-7700
(412-683-6700
(213) 825-4733
(801) 531-8224
(202) 692-2600
(408) 646-2201
(617) 495-3864
(617) 253-1428
(617) 253-6006
(213) 821-0595
(617) 259-9450
(415) 854-6322
(202) 693-3912
(408) 646-2817
(402) 294-4671
(315) 330-7628
(617) 253-1458
(217) 333-3036
(617) 661-0100
(305) 494-2681
(703) 664-5013
(415) 965-5191
(808) 944-7455
(213) 825-0841
(213) 822-1511
(801) 581-6507
(309) 794-4143
(801) 581-8502
(617) 259-9458
(516) 671-9580
(313) 764-5334
(612) 456-2434
(717) 245-4304
(305) 494-2966
(415) 965-6035
(617) 495-4117
(408) 735-0990
617-661-0100
213-825-1652
(213) 825-7452
(213) 825-7438
(213) 825-7474
(217) 333-8497
(213) 825-7548
(213) 825-7546
(213) 825-7554
(213) 825-7529
(217) 333-9354
(805-961-4047
(805-961-3454
(805-961-2462
(617) 611-0100
617-491-1850
(415) 965-5016
(415) 965-6008
(216) 368-2984
(805) 968-1813
(617) 495-3998
(617) 253-5892
(617) 253-4118
(805) 965-3011
(415 321-2300
(805) 961-2261
(805) 961-2901
(801) 581-8224
(217) 333-6544
617-253-1428
(213) 746-2694
(617-253-1428
(415) 859-4775
877-326-0112
800-430-3376
888-999-4747
800-591-3869
(415) 329-0742
800-961-2075
703-790-6375
(888) 652-5449
(217)-333-8469
617 491 5735
310-670-4288
217-333-9999
818-341-3355
(510) 668-7000
908-932-2443
(888) 288-1655
(617) 366-8911
415-752-2427
408-525-4857
919-468-8466
408-526-4257
508-435-1000
866-374-9939
866 374 9939
(213) 822 1511
(408) 666-8650
(510) 666-2989
(508) 435-1000
(202) 694-8096
(202) 694-3049
(617) 497-3638
(617) 497-3756
(617) 497-3483
(415) 642-2714
(415) 642-7780
(412) 578-2569
(301) 863-6103
(202) 863-6092
(302) 738-8913
(301) 796-6290
(617) 253-1440
(415) 497-1407
(415) 494-4419
(415) 859-4107
(415) 859 5094
(415) 859-4576
800-235-3155
(315) 330-7275
(315) 330-7791
(800) 235-3155
(608) 262-1204
(818) 902-5139
(617) 863-5500
(402) 294-5161
(703) 437-2344
(203) 436-0744
(415) 859-2539
(415) 422-5032
110-317-0003
110-608-0002
110-302-0002
342-192-0014
342-192-0030
110-213-0004
110-617-0002
617-574-3076
858 651 4478
858 651 1102
181-333-7777
181-332-9091
213-822-1511
310-822-1511
310-823-6714
(617) 873-4323
408 974 3207
734 736 4221
405-015-5030
110-713-0016
110-415-0026
110-408-0005
041-117-0100
628-153-9007
617 873 3419
617 275 1800
508 879 6994
213-822-2112
302-555-0000
714-555-0000
800 300 6048
110-213-0003
(617) 873-3000
(617) 873-2459
(617) 873-3757
(703) 734-9000
(617) 497-3363
(617) 497-2647
(617) 497-2677
(415) 859-5094
(415) 859-5647
(617) 497-3632
(617) 495-5849
(412) 578-7685
624-522-8090
041-170-1000
(617-271-2978
(617) 246-0900
(703) 696-2271
(805) 963-9431
052-737-2000
020-801-0005
(310) 822-1511
(412) 268-6252
617 354 7688
703 707-0696
408 327-1901
617 245 1457
(212) 705-7092
624-589-0090
(916) 843-4685
211 104 1001
870 051 9937
415-859-3695
703-487-4650
703-274-7633
215-697-3321
215-697-4834
212-642-4900
800-854-7179
703-281-1135
(415) 723-9427
508-264-5491
342-905-2424
607-255-9199
800-370-2320
818-255-0095
818-255-0091
(415) 859-5539
(415) 859-2110
181 332 9091
181 332 9019
(212) 354-3343
908-668-6587
805-681-0115
(408) 737-4652
624-522-8032
624-457-1101
110-408-0014
222-551-0440
222-551-0450
222-551-0460
222-551-0470
222-551-0452
342-313-0026
342-225-0010
403-712-3025
403-715-3010
401-881-2403
041-170-1006
844 556 4444
(514) 670-0441
(773) 997-2751
(703) 281-1135
(415) 859-3695
(713) 527-4834
(713) 527-8101
(415) 123-4567
(415) 123-6789
(301) 454-2946
(301) 454-2943
412 338 4467
301-405-7836
508 620 2800
713.285.5415
617 576 4532
415 747 0204
121 717 4444
508-287-4877
508-371-7148
703-620-4200
508-392-5276
914-784-7913
914-276-2668
914-784-3833
508-786-7554
571-434-5468
600 600 3600
914 528 0090
201 829 4514
603 881 0400
650 779 7001
443 259 2389
508 261 5434
650 779 6022
415-979-1410
650.779.6042
508-333-2270
(415) 979-0640
412 268 2638
161 436 6131
415 233 1000
(617) 873-3988
(612) 424-1607
(415) 694-4359
(919)-636-4551
(708) 505-9555
(717) 524-1145
(408) 473-8440
212-792-6800
212-792-6899
(703) 620-8990
(617) 272-8140
(415) 813-7164
222-551-0065
422-510-0590
422-670-0890
422-516-0100
422-450-0080
422-610-0020
422-310-0030
422-470-0880
422-210-0460
422-130-2890
422-310-2720
422-250-0580
422-634-0590
422-670-0880
422-430-0740
422-674-0780
422-230-1690
422-518-0290
422-370-0310
422-516-0340
422-616-0440
422-650-2350
422-330-0250
422-350-0190
422-410-0070
422-539-0620
422-630-0720
422-470-1230
422-470-1300
422-170-0460
422-516-0430
422-530-0070
422-650-1880
422-450-2450
062-243-1563
062-243-1565
110-312-0043
110-512-0013
080-941-9055
545-511-3060
545-513-3090
872-203-5500
624-551-1040
624-569-0040
422-150-3370
422-271-0710
422-516-0010
422-250-3040
877.361.3316
(415) 853-6643
(415) 494-4839
(206) 842-2385
(415) 723-8405
(415) 961-3380
(415) 962-7160
(615) 974-6721
(518) 283-8860
(617) 253-6020
(617) 873-3193
(617) 873-4000
(415) 486-6411
(612) 683-5571
800-617-4686
(201) 932-3088
800-223-2500
212-741-0052
(612) 452-6650
(908) 932-3088
(415) 962-7100
408 562 6222
(800) 991-3350
(631) 389-2138
(518) 276-2654
421 200-3587
161-973-4278
508 478 8600
(914) 945-3896
(313) 763-4897
(415) 336-7278
415-336-1051
415-336-6015
415-428-5136
415-428-5151
415-336-5615
(213) 453-5196
(303) 229-6022
(213) 476-4070
(617) 271-8507
(508) 486-7894
(412) 268-7669
(615) 573-1434
617-873-3400
313-763-4897
617-873-2777
(617) 253-6003
(313) 763-4898
313 763-4897
313 747-3745
(415) 326-1941
(617) 873-2962
650 812 4816
301-854-6889
(612) 681-3398
(617) 873-3400
(617) 873-2777
(217) 333-7886
213-825-2543
703-620-8990
213-825-8137
978 936 1398
510-666-2882
440-235-1792
650-253-3010
440-223-5932
(213) 743-7842
703-734-9000
617-253-6003
(508) 898-2800
313 936-2655
(916) 752-0236
(412) 268-8576
(212) 642-4900
(313) 936-3000
(415) 725-5481
213-823-6714
(508) 486-6786
516-286-1339
(217) 333-7937
(206) 243-8700
(617) 275-2400
(415) 422-8266
(408) 733-4530
(408) 733-6478
(603) 888-7790
(312) 972-7250
(201) 227-8771
(201) 906-1151
(617 246-0900
(615) 573-9197
(408) 927-0412
(415) 966-7300
(415) 960-3738
(508) 366-8901
(415) 688-2700
415-321-0855
518-283-8860
617-270-3510
617-270-9818
(805) 987-6811
(415) 962-7200
(415) 968-3619
(412) 268-7090
(412) 268-7080
(800) 451-7413
818.880.5656
818.880.6993
818.880.7718
215-956-0108
603-888-7000
603-891-2796
508-851-8872
508-851-6956
800 722 7770
508 879-0042
919-677-8000
919-677-8123
415-688-2700
805-987-6811
609-258-3946
703-758-7722
(781) 372-8161
(505) 678-3009
508 879 2960
908 298 9000
617 247 7959
(415) 966-7934
(315) 268-6455
(315) 268-1925
(508) 671-0317
(415) 968-1052
(607) 255-8686
(412) 268-3319
(914) 789-5300
310-823-9358
003-003-0283
003-003-0292
(301) 975-3608
(301) 975-3664
(301) 975-3631
800-272-6657
(202) 783-3238
(301) 975-2816
(301) 975-3618
(408) 735-6779
(916) 676-1147
(313) 763-1203
617-246-0900
(714) 821-8380
800-343-8321
(212) 869-7440
(212) 869-0481
(415) 941-3399
(415) 949-1779
(202) 872-4200
(703) 281-1505
(800) 225-4698
(508) 879-6700
(508) 872-8237
(303) 497-1232
(301) 621-7120
(402) 472-5108
(703) 620-6651
(619) 534-5087
(313) 747-4272
(313) 764-9430
(202) 395-7347
(703) 582-8990
(512) 471-3241
(617) 873-3361
(703) 883-7023
(800) 666-4266
(415) 859-5318
(301) 975-3535
415-962-7100
031-554-9424
031-554-0649
031-554-7432
508-634-2066
(415) 494-4415
(617) 253-5880
(617) 873-3367
(617) 873-2892
(617) 873-3167
(617) 873-3874
703-284-4651
703-284-4760
408-439-6834
617-495-8903
(415) 642-3806
508-486-5009
408 750 5160
408 579 2800
(412) 268-6727
(412) 268-6787
(617) 258-8330
(617) 253-0628
914-789-5300
(714) 727-9335
(507) 253-6315
800-211-7262
(607) 752-5482
(607) 752-5421
800-572-3224
(607) 752-5474
(607) 752-5488
800-365-3642
800-652-2666
(908) 758-2286
(908) 758-4146
703 276 3533
703 276 2536
303 497 1137
703 620 8990
703 620 0913
301 854 6889
301 854 5363
215 898 9508
215 274 8293
202 357 9717
202 357 0320
619 534 5075
619 534 5113
415 694 6362
415 962 7772
412 268 4960
412 268 5832
703 614 5800
703 614 5004
711 715 5418
711 715 5448
202 357 7558
804 982 2223
804 982 2214
(301) 975-3630
(415) 642-3478
(703) 848-4867
508-486-7642
508 952-3548
408 526 5260
408 562 6223
202-342-2727
415-520-3420
202 342 2727
202 625 4101
201 829-4484
(919) 543-9851
(619) 534-5035
(619) 534-5113
(612) 424-1606
203-783-7175
415 968 1052
415 968 2510
(619) 534-6865
(914) 945-1970
914-945-1970
613-763-5283
613-763-8821
613-763-3933
310 822 1511
415 966 7934
508 685 4000
415-966-7934
(408) 764-1372
(415) 688-8241
(408) 526-5260
(805) 963 9431
(805) 685-4455
(613) 591-3600
(908) 758-2107
(908) 758-5254
(212) 854-2736
(602) 533-2873
(301) 975-3627
(703) 883-5826
(508) 486-5009
202 208-5555
212 642 4976
212 398 0023
(508) 436-3936
212 642 4884
(617) 621-8972
(508) 967-3403
(603) 332-9400
(703) 448-0210
(302) 451-8247
239.142.3123
412-268-6628
412-772-6541
(301) 975-5200
(301) 975-3359
(415) 422-8193
(415) 694-0571
(301) 859-4458
(415) 688-9081
(703) 522-7111
800-338-6887
707-829-0515
(703) 522-5055
(313) 998-7680
(412) 268-5010
(412) 268-6989
508-898-2800
508-898-3176
(301) 921-8600
313 764-2278
313 764-2277
313 764-4050
503-696-8972
617-873-3133
703-802-4535
703-802-8376
(415) 859-6387
(415) 859-6028
805 681 0115
(301) 340-9416
(805) 681-0115
(617) 864-1550
(703) 802-8405
(703) 802-8456
412-268-7090
(602) 621-4231
602-621-8373
408 493-8505
703 715 7432
703 715 7436
734 222-1600
734 222-1602
(508) 435-2000
(412) 268-6628
617-873-4143
314-532-7708
617-873-3150
(303) 492-3902
775 555 1234
775 555 6789
775 555 5555
755 555 1111
(412) 268-7739
(301) 854-6889
(301) 854-5363
508-435-2000
(508) 685-4000
(615) 974-5067
(508) 952-3520
(603) 884-4045
(617) 873-3133
508-496-8333
508-952-3171
(800) 365-3642
(703) 802-4535
(703)-802-8373
(617) 253-0505
206-543-5604
800-237-5551
301-975-0103
(202) 357-7555
(202) 357-7745
(202) 357-7492
(614) 292-4843
(703) 802-8373
(303) 286-7251
(301) 286-5152
(206) 543-5604
(800) 237-5551
(206) 543-3761
(301) 975-0103
609-258-2403
(408) 374-2500
(408) 374-1680
617-621-8763
617-621-0631
604-436-2922
604-436-3192
310-828-3400
310-828-2255
800-752-0900
(708) 505-9100
(708) 505-9133
(415) 604-3836
800-345-6628
703.620.6651
800.827.7482
703.620.4586
215 898 8560
(408) 764-5173
(415) 859-5608
(415) 486-6965
612-482-6736
612-482-2000
508 486 5138
(415) 962 7100
(415) 969-5547
(415) 604-3812
(415) 604-6999
310 392 3000
310 392 4700
404-432-9001
508-967-6114
508-967-1105
(510) 423-6349
(908) 949-7782
(978) 250-3344
(978) 952-7414
(617) 873-3419
(617) 280-2401
(617) 280-2335
(508) 266-4500
(313) 936-2270
800 526 5463
408 473 8208
408 473 8203
408 435 1706
(716) 422-6437
(408) 974-9196
(607) 255-9188
(313) 936-2648
908 758 5254
908 758 4177
302 831 8247
650 423 1378
443 778 7127
443 778 7463
(313) 663-2482
(702) 426-2604
(908) 532-3817
(408) 425-7222
(502) 454-2950
(801) 831-5441
(505) 345-6555
(609) 258-2400
617-873-4086
415-325-4541
(415) 540-5835
508 689 2400
408 526 4257
(508) 264-9900
508-952-4816
508-952-4887
(415) 595-8782
(415) 595-4126
(310) 740-4524
(800) 444-4345
(908) 668-6587
(619) 445-4600
(703) 742-4777
(415) 604-0762
(908) 829-4484
(215) 640-7556
510 422 8266
510 422 0435
(212) 642-4976
(301) 903-6111
(301) 903-4125
(510) 422-3333
510-422-1915
510-422-3333
510-422-5680
510-422-4474
510-422-4488
510-422-4444
510-422-9818
510-422-4016
(515) 294-7909
(708) 972-7236
(516) 282-7637
(513) 865-3733
(513) 865-4230
(202) 586-7318
(202) 586-6310
(708) 840-2965
(301) 903-3685
(816) 997-3690
(816) 997-5538
(510) 486-6965
(669) 422-9870
(805) 763-6933
(702) 873-6200
(702) 794-7954
(615) 576-8848
(615) 574-4635
(609) 243-3403
(509) 376-7543
(509) 376-7739
(505) 845-8059
(803) 725-1118
(803) 557-3418
(505) 887-8459
510-422-8266
510-423-2471
510-423-6349
708-840-8068
510-422-6955
509-375-6670
708-252-7236
510-486-6965
421.218-7024
421.218-7000
(217) 244-1765
(217) 244-1265
201 829 4270
201 829 7019
714 624 7907
714 621 5319
909 624 7907
909 621 5319
214-733-2722
301-975-3627
301 590-0932
(408) 447-3755
(978) 916-4237
913-456-7890
415 723 0864
818 821 5555
(313) 663-7610
(415) 723-3104
(415) 723-0010
(619) 534-5067
(619) 534-5167
(313) 998-6101
(313) 998-6105
(303) 273-3471
(303) 273-3475
(919) 248-1404
(919) 248-1405
(202) 872-4318
(213) 985-9669
(213) 985-9400
(609) 258-2411
(609) 258-2424
(310) 823-6714
(313) 747-3745
(402) 472-5032
(402) 472-5280
(612) 342-2570
(612) 344-1716
(303) 497-1222
(303) 497-1137
(617) 873-2935
(702) 739-3557
(206) 562-3000
(315) 443-4120
(315) 425-7518
(614) 292-9248
(614) 292-7168
(416) 978-5058
(416) 978-6620
(412) 268-7870
(412) 268-7875
(412) 268-4960
(412) 268-5832
(703) 620-4586
(619) 534-5043
(619) 514-5152
(713) 527-4988
(713) 527-6099
(301) 454-5434
(512) 471-5046
(303) 491-7260
(303) 491-2293
(607) 255-5510
(302) 831-8247
(614) 292-4137
406-333-4491
(313) 936-3335
(408) 764-1206
508-685-4000
(612) 683-5573
(612) 683-5473
650-933-6149
650-933-3542
202-310-1011
(612) 424-4888
(408) 526-4257
(612) 943-9020
(415) 688-8284
(408) 996-1010
(415) 723-2229
305 378 1161
(414) 288-6734
(310-822-1511
(512) 471-2444
(617) 238-6237
617-873-8609
800-444-4345
619-455-4600
703-742-4777
(703) 802-8462
(703) 802-8484
800-444-4365
(703) 742-4820
412 268-4960
412 268-8200
613 591 3600
613 599 3667
(613) 599-3600
(703) 648-0013
(781) 391-3464
(212) 854-1344
510 947-0998
510 947-1238
408 862-8088
408 862-1159
(415) 595-7703
617 227 8747
617 491 6266
714 842 3711
714 848 2091
703 715 7361
703 715 7435
415 390 1804
415 962 8404
201-767-8450
201-767-6717
212-765-6500
800-223-6834
212-765-3869
617-944-3700
800-447-2226
510-841-2636
415-594-0411
800-545-2433
312-280-4270
312-440-9374
617-276-1498
212-512-2000
617-276-4314
(203) 226-6967
212-698-7000
(203) 545-5840
800-223-2336
212-698-7007
415-859-6387
415-859-6028
206-562-3000
206-562-4822
707-829-0104
515-284-6751
515-284-2607
512-451-7602
512-450-1436
(908) 580-4719
(215) 898-9192
(908) 580-5361
(919) 543-3380
(914) 784-7815
714-588-2070
(612) 625 1300
(201) 829-4270
(703) 776-1004
617 873 3133
612 624 3375
612 626 1002
(713) 285-5148
615 573 1434
412 268 6628
301 854-6889
415 960 3738
412 268 4987
919-716-2815
508 486 2358
617 244 2679
(415) 725-3721
(415) 966-1171
(408) 721-6873
415-917-2022
415-917-2025
703-790-3767
(617) 942-2000
(919) 248-6081
(703) 620-0913
(415) 604-0455
508-486-5922
(703) 742-4870
(703) 742-4795
206 842 2385
(617) 873-3192
266 267 1225
(313) 763-6061
(313) 747-4813
801 555 1234
801 555 6789
202 628-2044
202 628 2042
206-622-5500
202 628 2044
(810) 687-0953
703-450-8001
313 747-4454
(313) 747-2730
801-594-2809
(617) 253-6016
(212) 555-1212
(617) 555-1212
(505) 562-2694
(505) 562-2349
408-974-4744
(603) 881-1495
617.374.3700
617.374.2245
508-486-5210
978-392-6689
603-881-2481
503 526 9766
650-318-1251
650-318-1633
503-425-5051
503-827-6718
503 827 6717
650 318 1251
650 318 1633
(510) 814-5215
916 785 4018
916 785 1199
(415) 336-2082
(415) 336-6015
703 715-7361
703 715-7436
310 823 6714
201 829 5963
619 587 1121
619 658 2230
703 709 5500
703 709 5555
(609) 882-2572
(415) 933-6172
(602) 743-9841
(310) 823-6741
814 863 7374
814 863-8311
303-460-4142
303-460-4211
206-450-0650
617 272 8140
202-404-7030
(415) 390-0317
(415) 390-0318
215-830-0692
(866-750-0580
(866-749-9541
626 919 3600
626 919 3614
415 940 8776
614 326 6841
425 703 1559
425 936 7329
408-526-5260
(512) 388-7090
415-857-3513
415-857-8526
206-381-3600
408.953.9175
408.953.9299
703.736.5954
703.736.5959
800-851-3420
301-251-5500
503-346-4414
800-336-5191
503-346-5890
703-648-9888
703-620-0913
(415) 796-7800
(212) 229-0857
703-471-0593
(312) 955-0466
(905) 764-7139
315-443-9114
315-443-5448
718-990-6447
718-990-6705
202-466-6296
202-872-4318
503-280-5280
619-475-4852
914-962-5864
914-962-6472
216-774-1051
216-774-2144
202-219-1364
619-455-3990
202-434-8954
800-843-5678
415 668 7171
415-365-4950
415 668 7007
717-393-1000
800-638-1639
717-390-4378
800-222-3766
703-471-0596
315-443-3640
412-268-6989
(619) 475-4852
(619) 472-0735
800-862-6164
612-835-9573
703-742-4839
(908) 582-5886
313 998 4562
508-952-1367
508-692-9214
(800) 680-8574
(866-216-1243
(866-216-1072
(908) 949-1393
(908) 949-4655
(415) 723-6860
(650) 329-4044
919 254 5705
919 254 4434
(703) 821-6535
908 758 2107
908 758 4196
(732) 758-5254
(732) 758-2269
908-758-2107
908-758-4177
914 945 3896
914 945 2141
810 758 8212
810 758 8173
408 526-4952
415 960 1980
415 961 9584
201-829-4454
(301) 515-3672
(905) 886-7818
703 648 9888
703 648 9887
351 463-4621
703 742-4795
908 949-7782
617 245 0804
617 245 8122
603 881 0480
603 881 0120
617-245-0804
617-245-8122
603-881-0480
603-881-0120
415.688.8245
415.688.8282
978 952 7414
(415) 327-6513
(919)-248-9247
(919)-248-1101
(415) 329-9300
(415) 329-9329
(510) 642-1530
(510) 643-5385
(716) 256-2850
415 390 2414
408 974 1779
415 336 3145
615 573 9197
(408) 895-5032
617-770-9594
617-770-9903
181 366 1177
603 881 0762
408 321 8344
408 321 8311
703 648 3300
161 223 1301
703 648 3350
161 223 0482
181-332-9019
(310) 581-8100
115 952 0510
115 952 0519
(408) 285-6480
(408) 285-6004
(408) 879 4000
(408) 879 4001
818-919-3600
818-919-3614
(800) 874-8647
(610) 695-5378
(908) 582-2409
(908) 582-6113
(508) 928-5368
(508) 928-5399
(415) 812-4840
(800) 858-9947
(514) 398-3709
408-777-5225
408-777-5081
408-777-5116
408-974-1957
408-862-4566
650 964 8391
(214) 484-5200
(205) 844-4512
(334) 844-4512
(608) 262-5084
(608) 262-9777
703 758 7700
703 758 7717
916 785 3583
408 571 2699
408 571 2698
408 246 8253
408 249 6205
916 538 2535
914 784 7361
914 945 3156
(914) 945-3156
408 321-1259
514 631 2592
908 758 2642
408 747 4305
703-883-7209
703-883-6394
703-993-1538
908-582-5886
908-582-3063
(919) 254-6037
(919) 245-7610
(703) 663-1571
(201) 829-4173
(303) 799-5540
(303) 799-5651
412-268-3077
412-681-1998
514-875-8611
514-875-8134
514-398-8611
612-625-1300
612-625-6817
612-626-4276
814-865-1818
206-447-0300
708-866-0159
306-966-5920
306-966-6040
702-784-4292
702-784-6557
702-784-1108
415-617-0444
415-327-6513
919-248-1499
919-248-1101
617-234-1000
913-864-0436
913-864-0452
913-864-0485
217-244-0765
202-296-5098
202-872-0884
415-987-0522
415-839-3573
518-584-5000
812-855-9146
812-855-0299
919-248-1886
919-248-9213
919-248-9247
313-971-2223
415-604-0762
415-604-0978
916-752-2591
916-752-9158
303-492-3902
904-392-9020
904-392-9185
202-707-5795
202-707-5092
202-707-6269
614-764-4364
614-764-2344
312-702-5079
312-702-6623
212-998-4070
212-995-4070
507-389-5062
507-389-5488
800-848-5878
614-764-0155
614-764-6079
514-398-3709
514-398-6876
607-255-9098
607-255-9346
908 758 2515
908 758 4131
(908) 758-2515
888-708-8825
800-823-4929
732-758-5254
732-758-2269
617-272-8140
617-272-2618
416-507-7200
708-933-5430
708-982-1348
412-268-4987
510 748 3418
510 748 2770
415 506 2972
503 221 2638
415 506 2477
415 506 6239
(201) 829-4478
(708) 252-7289
(708) 632-4029
617 693 1315
(812) 336-2299
(812) 333-0415
(415) 336-6016
882 116.8652
820 116.8652
703-555-1212
303-555-2367
703-742-0400
(510) 642-9587
(612) 490 7856
703-715-7431
(510) 987-0522
(206) 543-5762
877-698-4946
650 623 6925
(415) 812-4365
(415) 812-4333
(617) 253-2673
888-804-7726
(714) 824-4049
(714) 824-4056
802-655-8633
802-655-7974
802-879-5242
(802) 654-2384
(802) 655-8633
(802) 655-8630
(703) 742-4811
301-826-3192
301-826-4555
802-655-8646
802-655-0940
708-810-5215
802-655-8659
313 936 2095
919 878 6958
612 828 0668
919 878 0811
714 588 2070
508 486 6577
508 287 4877
703-620-1222
703-391-2651
617 253 0161
617-253-0161
(202) 404-7122
703-807-0132
(866) 551-5924
(804) 898-8183
(412) 772-6527
(412) 772-6500
(415) 254-5882
(415) 254-5883
(412) 772-8668
617-821-7333
(508) 266-4522
650-948-6500
650-745-0671
(817) 774-6151
(606) 232-4808
(310) 333-6413
(415) 962-4766
(208) 396-4515
310 823 9358
(303) 924-5337
(716) 218-9910
(585) 223-3826
(801) 861-7366
(208) 396-6372
(503) 228-3383
(859) 232-6907
(603) 889-7000
(208) 396-3312
(510) 299-7206
(650) 569-4414
(408) 895-1216
(781) 398-4588
(408) 685-3190
(859) 232-4808
(859) 232-5150
(805) 578-4421
(906) 494-2434
(906) 494-2697
201 829-4478
201 829-2504
415-336-1012
508-692-2600
(703) 663-1675
(908) 532-1780
(908) 532-3398
(908) 544 3264
(908) 544 2150
703 620 1222
650 937-3419
703 715 7521
313 936 2120
313 936 2065
508 436 8036
313 936 2655
(817) 565-2822
(817) 565-2799
908-445-2351
415-833-4950
612-482-6835
(313) 747-4454
201 829 5922
201 829 2645
(212) 557-2050
(212) 557-2049
(423) 974-5067
(423) 974-8296
(703) 522-6410
(978) 779-6813
313 764 9430
313 747 3745
(914) 528-0090
914-528-0090
508-670-8888
201-829-4838
202-767-3834
(202) 767-2389
(202) 404-8590
(415) 569-5000
(202) 404-7090
(202) 404-7942
972-733-2722
415-336-2478
877-718-3419
719-599-9026
(214) 788-4141
(214) 788-0729
(617)-860-9444
301-405-3729
415 723 1450
703 391 2651
408-765-2931
408-765-3679
(617) 873-4622
255.192 1022
255.224 2046
255.240 4094
255.248 8190
255.252 1638
408.467.4871
408.441.0272
703-548-7005
703-548-5738
(800) 334-4912
(216) 974-7650
(216) 974-7655
(703) 917-7597
(703) 917-7286
510-422-8193
301-975-2934
202-786-9572
301-972-2502
(123) 456 7890
800 221 4792
(617) 253 9670
(617) 258 8682
(619) 676-7817
(619) 676-7865
908 389 5550
908 389 5556
908 494 1606
908 549 3716
(206) 882-8080
(214) 606-8200
(214) 606-8220
415 812 4839
415 846 4604
415 812 4471
415 855 1414
408 527 8213
408 527 8254
408 990-2004
408 743-5677
408 527-8213
408 527-8254
603-881-0744
415-812-4839
978 287-2842
201-829-4514
732-635-3086
630 840-3461
(408) 526-8186
(603) 881-0400
(603) 881-0120
(508) 486-7643
908 555 1212
703-692-2124
703-746-4960
410 626-1380
510 486 7520
214 823 9325
615 974 3126
615 974 8296
865-974-3126
865-974-8296
(703) 735-3568
510 486-5692
415-594-0800
408 221-8702
531 391-3283
408 546 1006
301 947-7107
603 337-2614
408 546-1006
703 725 1130
423 686 0432
781 245 0804
613 763 3933
613-763-7582
613-763-4461
217-555-1234
613-555-1234
972-555-2345
514-875-6134
410-795-5422
(703) 998-5819
(703) 998-5058
(703) 716-9538
(201) 829-4376
(201) 829-2504
(206) 488-6268
(206) 685-4045
703 708 5954
508-436-3936
(613) 763-9145
613 763 9145
617 873 3180
415-336-1615
(908) 949-1950
(908) 949-8887
(908) 949-6719
(908) 949-5775
415-336-2788
408-617-1004
408-617-1010
650-786-5166
650-786-5896
(510) 769-6001
877-900-7283
(510) 814-2300
800-800-3854
512-452-0127
(914) 784-7722
202 404-7122
202 404-7942
206 481 4303
908 699-5212
315.268.1925
315.268.9201
619 651 5115
619 845 7268
619 658 3584
415 526 8186
505-845-8554
505-844-2067
617 495-3864
617 496-8500
508 436-3915
508 670-8145
978 614-4116
978 614-4004
(408) 439-6834
(408) 438-5115
(415) 322-0103
(415) 322-1734
(415) 846-4603
(913) 534 5334
(415) 846-4604
(415) 846-4610
(415) 846-4607
(415) 846-4601
(415) 846-4605
703 735 8065
800 365 3642
415 937-3419
415 937-3477
(205) 971-8000
408 745-2000
510.687.5226
734.669.8800
408 527 2470
(205) 971-8024
(619) 794-4542
131 554 9424
131 554 0649
949-257-0923
415 786 5166
919 254 7798
415 786 5896
919 254 4027
650 786 5166
650 786 5896
708 840-3461
(614) 451-1883
(617) 255-9400
(617) 255-5885
603 881 2608
415 617 3304
519 576 3873
(908) 544-1414
(908) 427-2064
(908) 427-2822
(408) 990 2003
(408) 990 2004
(408) 990 2010
(408) 873 2688
(408) 990 2001
(650) 237 3164
(916) 785-4018
617 868-4469
303-541-0140
617 623 3745
(617) 873-6233
(613) 274-6500
703 715 7087
520-297-9416
216-433-6586
914-784-7350
914-784-6205
847-576-2753
972-894-6709
847-202-9314
650 625-2986
650 625-2502
847-576-3240
508-684-6105
847-576-1357
847-538-3472
847-576-0346
847-538-6150
914-784-7007
315-469-8670
114 282 4253
707 829 0515
(800) 998-9938
191 222 8080
602 621-3958
117 928 8472
800-366-9483
717-236-6000
818-797-4638
410-659-0959
410 558-3900
191 222 5000
191 222 8250
191 222 5001
141 330 5314
141 330 4913
171 732 8011
908-445-3551
703 742 0400
703 821 6535
408 853 9612
650 330-7893
503-264-8972
310 336 8040
310 336 4402
619 658 3510
415.334.5533
310.737.1663
310.737.1755
510.642.6509
(514) 875-8611
415 254 4251
805 648 2028
(415) 254-4251
201 829 2635
919 254 6182
919 254 1808
919 472 2388
613.763.9008
202 663 6872
410.795.6882
202 383 5615
415 786 6368
415 786 6445
415 786 6370
415 853 2100
415 812 4816
415 812 4459
650 853 2100
650 812 4459
510 642 0865
650 812 4821
408-527-3711
415-786-6373
415-845-5200
503-297-1580
732-345-3305
(214) 672-7246
(214) 672-7275
(415) 595-1873
412-268-7399
412-268-5576
510-642-8919
510-642-5775
412-268-3743
510-642-0253
510-642-2845
800-879-2755
(514) 747-2547
(514) 747-2561
732-420-8934
909 457 4293
206 844 3505
919 472 2333
919 871 6326
617 894 9300
919 254 4436
919 472 2326
617 894-9300
(415) 747-0204
415-786-5067
415-786-5896
(202) 707-5795
(202) 707-0115
(415) 502-6660
(415) 476-4653
181-995-8242
181-995-5159
510 426 0770
617 873 4143
617 466 2448
781 466 4278
781 262 4831
714.380.6350
714.380.5912
(612) 996-6847
(949) 824-1715
(703) 716-9599
703 998 5819
413-473-2403
978 936-1674
914 528-0090
703 206-5890
908 562 3813
908 562 1571
131.558.3888
408-527-5337
781.687.7817
(415) 846-4614
(805) 681 0115
(408) 526-6566
(408) 579-2800
(301) 975-2000
(206) 329-4969
908-562-6545
908-562-1727
079-322-8316
615-573-1434
(905) 238-5528
131 467 7749
508 952 4745
508 952 4887
131 561 4223
131 561 4083
410 381 9400
617 960 1011
703 715 7366
703 715 7251
443-778-1319
813 790 7592
(617) 873-2736
(408) 526-5189
(408) 526-5232
(908) 582-2250
(908) 582-5809
(415) 528-2600
(908) 582-1239
408 526 8284
161 745 5351
161 745 8169
(603) 337-7408
(603) 337-5247
(603) 337-7625
(603) 337-7061
(603) 337-5318
617 270 8419
617 270 8599
408 527 3143
425 703 8835
650 381 6000
781 442 3458
508 875 3162
978 936 0382
310 825 3886
408 524 4804
520 297 9416
408 617 1004
603 884 0400
703 638 9887
650 381 6022
919-254-7798
925 737 2100
(612) 405-8194
612 405 8194
650 625 2004
(404)-894-6737
(404)-894-3292
(310) 458-9811
(310) 458-6661
217-244-4130
650 381 6004
416 555 1234
415 944 7332
415 336 6697
415 944 8500
415 336 7153
415 285 4526
415 336 0670
650 786 6464
650 569 5243
801 376-5083
650 786 5992
650 786 6445
650 786 5890
(408) 764-5272
505 665 0597
505 665 4939
(703) 742-0400
(703) 742-9552
770-555-1212
770 921 2251
415 222 0100
978-952-1367
978-392-2075
303.581.0800
(206) 936-9833
408-366-9000
206-936-6605
408-273-2730
415-968-2200
415-968-2266
214-788-4141
214-788-0729
313-764-2874
847-893-0222
(719) 599-9026
(415) 786-6465
(415) 786-5084
171 344 9227
171 235 7112
650-786-4785
(508) 620-1141
(508) 692-5875
(408) 526-7685
(301) 571-2534
(617) 873-3076
(503) 264-8972
(310) 825-2695
(415) 786-5179
(703) 206-5471
(617) 253-7885
(415) 812-4471
(914) 784-7038
(914) 784-6318
(206) 703-0852
(800) 759-7243
(505) 882-8080
(505) 845-8554
(202) 707-5092
(415) 786-5067
(415) 786-5896
(919) 254-4723
(415) 617-3304
(919) 472-2333
(919) 254-4436
(408) 246-8253
(408) 249-6205
(703) 883-7790
(408) 527-8213
(650) 330-7893
(408) 525-0727
(408) 579-2821
(916) 785-1199
(978) 486-0665
(978) 486-9379
(408) 577-8440
(408) 577-8959
(181) 332-9091
(512) 372-3160
(234) 567-8901
(626) 919-3600
(626) 919-3614
(650) 937-3419
(801) 861-3088
(801) 861-2642
(408) 276-5467
(206) 221-3307
(512) 305-0280
(512) 231-8993
(512) 315-0280
(734) 944-2856
(408) 744-7509
(301) 721-3000
(301) 721-3001
(603) 881-1423
(805) 961-3642
(805) 961-3600
(603) 362-9270
(908) 582-7114
(603) 337-7357
(408) 556-0720
(423) 573-1434
(612) 628-1592
(603) 654-6923
(914) 784-7964
(914) 784-7064
(408) 571-2699
(408) 571-2698
(916) 785-3583
(650) 595-7703
(408) 616-3100
(408) 616-3101
(651) 628-1592
(603) 654-2686
(408) 327-1900
(408) 526-7632
(408) 527-2014
(614) 760-4041
(614) 760-4050
(734) 763-6056
(734) 647-3185
(313) 763-1206
(425) 706-6605
(425) 936-6605
(734) 647-9563
(781) 442-2084
(781) 442-1677
(770) 384-0184
(617) 891-0000
(972) 894-6709
(972) 894-5349
(847) 632-3148
(650) 625-2986
(650) 625-2502
(650) 786-7733
(650) 786-6445
(415) 857-4691
(503) 696-8972
(650) 813-6762
(408) 536-4766
(650) 845-2340
(408) 536-4042
(716) 422-1282
(716) 422-8009
(716) 422-6117
(613) 763-7582
(203) 746-4367
(613) 763-2697
(585) 422-1282
(585) 422-2636
(585) 422-3138
(585) 422-6117
(408) 725-1624
(613) 967-5060
(781) 433-9462
(781) 433-9268
(408) 536-6000
(408) 537-6000
(408) 457-5200
(408) 457-5208
(408) 525-5314
(171) 380-7296
(510) 486-7518
(510) 486-7519
(650) 237-3164
(510) 558-8675
(520) 621-4231
(973) 360-8766
(408) 426-9827
(425) 882-8861
(800) 238-3672
(415) 254-1900
(617) 687-7000
(650) 295-7600
(973) 360-8656
(508) 439-4734
(408) 495-7319
(408) 495-1905
(617) 776-2373
(613) 723-7505
(613) 723-7209
(171) 380-7777
(617) 253-6011
(617) 555-6011
(713) 555-1234
(978) 952-1367
(978) 392-2075
(408) 526-8284
(978) 916-4734
(215) 830-0692
(978) 916-1323
(617) 466-4086
(201) 829-2635
(703) 708-5954
(408) 526-4696
(541) 687-2581
(612) 943-8990
(206) 703-3876
(408) 990-2004
(408) 990-2037
(408) 990-2093
(118) 920-6293
(118) 920-4424
(919) 254-1805
(650) 625-2004
(425) 936-9833
(415) 786-6288
(415) 786-6445
(847) 576-2753
(847) 576-3240
(415) 786-5166
(617) 960-1011
(201) 605-6308
(415) 538-1100
(234) 567-7890
(234) 567-7899
(919) 254-4358
(919) 254-6243
(703) 812-3706
(408) 922-7143
(510) 486-7504
(732) 427-6856
(732) 532-0853
(425) 865-2424
(425) 936-2069
(713) 374-7925
(503) 696-2448
(408) 263-9300
(310) 532-3092
(415) 494-8086
(201) 334-1268
(408) 437-3133
(805) 684-4593
(617) 271-0900
(415) 558-0200
(818) 912-5722
(714) 833-4600
(717) 730-9501
(408) 576-1361
(512) 442-7555
(510) 226-1088
(918) 272-5328
(404) 840-0633
(408) 617-7000
(408) 492-6539
(408) 492-2000
(608) 256-3133
(714) 693-0808
(408) 371-0881
(770) 720-1077
(617) 899-8900
(508) 486-5264
(408) 428-2366
(310) 309-3700
(512) 502-1725
(800) 228-2777
(619) 679-1504
(510) 440-7180
(408) 733-7419
(408) 522-7541
(212) 941-2400
(312) 714-1400
(408) 752-9100
(408) 446-2966
(503) 968-1270
(425) 882-0300
(801) 792-1114
(650) 526-6003
(650) 526-2000
(212) 941-2403
(619) 292-8331
(905) 882-2600
(408) 324-2100
(510) 445-8734
(503) 690-1550
(908) 580-4589
(603) 434-6088
(408) 747-5051
(617) 279-1101
(703) 448-6485
(703) 356-2160
(650) 786-6815
(408) 536-3024
(703) 245-4543
(408) 745-2000
(408) 635-7900
(206) 936-0867
(206) 936-7329
(408) 285-5314
(408) 285-5245
(408) 285-0453
(408) 285-9818
(415) 990-2004
(619) 555-1212
(760) 555-1212
(703) 245-4527
(201) 829-4439
(508) 266-1011
(978) 266-1011
(978) 692-5875
(619) 651-5115
(619) 651-5334
(408) 526-8115
(310) 448-9151
(301) 728-7199
(609) 951-2969
(919) 941-1739
(508) 486-0665
(650) 812-4333
(423) 690-8990
(925) 737-2153
(925) 737-2110
(650) 526-8074
(650) 526-8001
(613) 599-3610
(650) 786-5176
(650) 786-4053
(617) 873-3152
(508) 786-7554
(508) 634-2066
(408) 460-3822
(425) 707-3335
(301) 688-0847
(301) 688-0851
(650) 934-9303
(410) 715-9399
(408) 526-4000
(415) 337-8469
(301) 975-3297
(514) 345-7900
(614) 764-6081
(614) 764-2344
(510) 525-8575
(607) 255-6046
(607) 255-4428
(171) 542-6722
(171) 542-8314
(510) 893-5212
(408) 495-2463
(408) 495-1299
(617) 758-4177
(613) 763-4461
(972) 733-2722
(415) 937-3419
(415) 937-3477
(919) 676-9515
(418) 555-5555
(666) 666-6666
(418) 656-9254
(418) 262-6501
(919) 555-7878
(213) 555-1234
(919) 676-9564
(415) 528-4164
(216) 433-6586
(740) 593-1234
(421) 218-7024
(421) 218-7000
(503) 264-3501
(503) 264-3483
(503) 264-3758
(503) 264-9372
(503) 264-6459
(503) 264-1770
(503) 264-9428
(503) 264-9234
(978) 623-4324
(978) 749-2804
(503) 264-6004
(503) 264-1805
(650) 526-8006
(781) 372-8118
(614) 326-6841
(425) 703-1559
(425) 936-7329
(919) 254-7798
(613) 828-0902
(613) 828-9408
(732) 949-3401
(781) 515-7073
(703) 206-5890
(619) 658-3510
(408) 346-5860
(408) 774-5265
(408) 774-5290
(650) 786-3630
(508) 916-4734
(919) 254-9889
(425) 936-5522
(919) 555-1234
(734) 542-5955
(919) 890-4036
(919) 890-4100
(650) 937-2378
(650) 937-2103
(425) 936-9277
(425) 936-8019
(408) 457-5397
(613) 763-1358
(617) 332-7292
(603) 884-1423
(212) 555-1234
(415) 555-1200
(973) 360-8077
(732) 576-4322
(732) 576-4317
(613) 763-4234
(908) 582-2382
(908) 582-1086
(732) 949-3611
(732) 949-3210
(732) 949-0321
(732) 949-1196
(212) 939-7042
(732) 949-8344
(212) 666-0140
(732) 949-5369
(732) 949-8569
(416) 673-4176
(650) 786-2921
(650) 786-5896
(425) 703-8835
(408) 331-6889
(978) 916-8124
(978) 916-3816
(919) 254-4355
(630) 840-3461
(404) 872-4745
(203) 929-8810
(978) 287-2842
(919) 468-8466
(303) 448-0048
(613) 247-3180
(510) 922-3611
(617) 679-4652
(925) 236-7429
(617) 245-1457
(505) 665-0597
(505) 665-4939
(650) 960-1300
(614) 723-1941
(831) 426-9827
(216) 433-2847
(617) 873-3351
(570) 524-1145
(613) 599-3619
(723) 765-9969
(301) 405-6630
(202) 767-2001
(819) 994-6969
(819) 994-6835
(181) 883-5823
(314) 432-1100
(314) 993-8927
(171) 390-3900
(508) 916-4237
(408) 447-4439
(613) 562-5800
(613) 562-5664
(214) 498-1232
(972) 729-1232
(408) 525-7209
(408) 326-2218
(408) 526-6408
(732) 758-4177
(408) 527-4652
(650) 526-8000
(408) 525-6006
(412) 268-7399
(412) 268-5576
(408) 527-8254
(703) 848-0883
(703) 848-0960
(781) 245-6996
(781) 245-6006
(703) 237-4621
(703) 237-4920
(617) 642-0139
(703) 456-8137
(703) 456-8100
(973) 622-4444
(973) 624-7070
(650) 917-8045
(650) 618-1454
(831) 457-5200
(831) 457-5208
(118) 930-1300
(118) 930-1301
(650) 463-7059
(650) 325-6787
(650) 325-9337
(978) 562-2827
(508) 261-5434
(978) 567-7941
(508) 261-4447
(650) 381-6022
(443) 259-2352
(703) 227-9854
(914) 276-2668
(914) 784-7913
(914) 784-3833
(508) 261-4777
(443) 259-2389
(358) 555-1234
(408) 527-5202
(408) 526-4952
(650) 853-2166
(650) 853-2221
(650) 617-3300
(408) 678-8647
(732) 635-3086
(603) 884-0062
(603) 884-2608
(650) 623-6925
(301) 654-4569
(202) 478-0458
(650) 567-5457
(919) 254-7507
(650) 556-6031
(972) 238-8303
(972) 238-0268
(781) 402-8029
(781) 402-8090
(650) 813-7696
(650) 813-6860
(208) 396-6000
(208) 396-3457
(425) 936-0908
(360) 817-8456
(360) 817-8436
(801) 861-4025
(425) 462-5852
(408) 546-1273
(310) 333-5764
(310) 333-5514
(801) 861-2517
(801) 222-8000
(619) 874-6543
(619) 279-8424
(606) 232-6740
(408) 537-4042
(719) 532-9927
(719) 535-0956
(603) 889-2699
(865) 573-1434
(301) 947-7107
(603) 337-2614
(408) 546-1006
(408) 965-0359
(865) 686-0432
(973) 386-2163
(410) 872-1515
(703) 270-2000
(510) 749-2095
(440) 235-1792
(510) 642-4274
(510) 642-8919
(206) 936-9629
(978) 287-2833
(423) 686-0432
(531) 391-3283
(531) 391-3683
(214) 290-8653
(214) 744-0742
(531) 489-5936
(001) 030-0908
(619) 555-1234
(914) 276-1668
(302) 738-1554
(650) 786-6464
(650) 786-5992
(613) 247-3690
(613) 248-3074
(613) 247-3450
(408) 559-0253
(800) 995-2612
(650) 318-1251
(408) 399-3154
(650) 786-5890
(626) 806-7574
(978) 461-0888
(512) 349-9376
(714) 577-6805
(714) 524-8508
(714) 577-6806
(714) 577-6803
(408) 853-9172
(952) 932-4064
(714) 885-3525
(425) 481-4303
(624) 522-8090
(041) 170-1000
(052) 737-2000
(020) 801-0005
(624) 522-8032
(313) 936-2655
(202) 342-2727
(422) 650-2350
(422) 330-0250
(422) 350-0190
(422) 410-0070
(422) 539-0620
(617) 276-1498
(212) 512-2000
(617) 276-4314
(612) 482-6736
(612) 482-2000
(422) 190-4190
(422) 616-1610
(422) 150-5070
(202) 434-8954
(202) 383-5615
(301) 688-0331
(301) 688-0850
(095) 531-4633
(095) 531-2403
(415) 695-3975
(425) 376-0225
(408) 525-4857
(858) 651-5115
(212) 592-8256
(212) 592-8265
(408) 224-5349
(402) 894-9456
(412) 338-4400
(415) 937-2555
(303) 292-4818
(303) 497-1822
(800) 854-7179
(303) 792-2181
(858) 587-1121
(650) 328-8631
(408) 327-1901
(602) 582-7679
(602) 582-7697
(650) 858-8500
(650) 858-8085
(973) 301-5610
(973) 301-5699
(650) 569-5368
(978) 244-4010
(858) 404-3785
(613) 592-1052
(303) 661-9100
(303) 661-9199
(303) 661-3375
(650) 779-7001
(301) 975-8439
(301) 975-6238
(978) 691-4665
(978) 684-1295
(603) 436-8634
(415) 345-1827
(914) 784-6204
(914) 784-6205
(215) 898-9351
(732) 949-5936
(914) 784-5047
(978) 288-4734
(781) 372-8236
(914) 765-1120
(914) 765-1128
(914) 765-1112
(914) 731-2244
(908) 582-7589
(914) 784-7941
(978) 287-2843
(408) 855-3711
(408) 813-6294
(503) 264-4510
(978) 244-8921
(503) 264-2900
(503) 264-6225
(408) 342-9576
(617) 547-9580
(617) 258-9738
(314) 235-3141
(314) 235-0162
(408) 263-7527
(408) 526-5066
(650) 526-8037
(650) 786-6465
(425) 882-8080
(415) 937-2600
(978) 250-3635
(703) 208-5277
(703) 206-5895
(703) 206-5794
(703) 206-5607
(954) 492-0913
(973) 829-4266
(408) 523-9700
(250) 758-9418
(415) 495-3100
(415) 495-3177
(805) 578-4001
(303) 924-4662
(208) 396-4122
(650) 867-6073
(919) 254-2673
(410) 552-1421
(650) 569-2119
(425) 391-6000
(408) 863-3222
(408) 863-3221
(425) 936-6711
(614) 723-4157
(614) 723-8407
(425) 703-2293
(650) 614-6071
(914) 784-7626
(914) 784-7191
(781) 262-4831
(410) 549-4619
(410) 795-7978
(781) 442-0166
(503) 696-8192
(425) 703-3924
(858) 622-9038
(510) 527-3926
(510) 527-3856
(978) 795-2009
(206) 936-4544
(206) 937-9972
(617) 693-8728
(423) 875-2652
(423) 875-2017
(650) 390-9030
(650) 526-8004
(978) 367-2161
(978) 250-3350
(707) 793-1714
(310) 267-2190
(408) 525-3474
(978) 206-3027
(425) 705-3131
(720) 888-1192
(503) 264-6232
(208) 756-8693
(973) 360-7229
(503) 264-9077
(914) 784-7536
(608) 628-2674
(650) 786-5067
(650) 786-6288
(972) 684-4827
(972) 685-3292
(972) 996-2625
(972) 996-5902
(979) 845-0512
(979) 847-8578
(740) 593-4891
(740) 593-4889
(410) 750-1700
(410) 730-6300
(408) 548-3711
(408) 548-3788
(650) 786-5166
(408) 519-3849
(301) 271-2919
(408) 527-1069
(630) 252-4619
(202) 296-5098
(847) 467-3911
(510) 666-2882
(310) 823-9358
(408) 974-3207
(650) 617-3304
(650) 723-2513
(408) 954-7903
(408) 987-6166
(650) 556-5368
(650) 687-3367
(650) 628-4850
(919) 392-6948
(650) 429-3402
(480) 526-7430
(425) 785-1031
(408) 555-1862
(408) 555-1992
(408) 555-1941
(650) 937-3477
(925) 520-4422
(514) 271-7221
(732) 449-5762
(724) 742-6826
(213) 456-7890
(212) 555-0149
(212) 555-0100
(201) 555-0123
(212) 555-3141
(212) 555-0101
(201) 555-0111
(555) 438-3732
(900) 555-0191
(800) 555-0191
(617) 258-7621
(510) 426-0770
(425) 438-8218
(425) 438-1848
(425) 602-0000
(206) 936-9568
(650) 786-6368
(978) 692-1999
(978) 288-4514
(919) 254-4930
(650) 628-4892
(512) 458-4037
(512) 458-2377
(512) 838-3725
(512) 838-0156
(512) 838-1930
(512) 838-8597
(650) 937-4948
(650) 528-4164
(858) 651-4478
(703) 284-4641
(703) 284-2766
(408) 861-6656
(650) 933-6149
(650) 933-3542
(408) 487-8180
(408) 487-8190
(202) 455-7622
(202) 344-5723
(201) 406-4090
(800) 765-4321
(201) 456-7890
(201) 406-4091
(555) 888-1234
(202) 833-1010
(781) 891-9000
(408) 555-1212
(408) 555-1234
(408) 555-5678
(408) 555-9876
(408) 276-4351
(919) 992-4439
(603) 897-2000
(531) 391-3289
(603) 883-6365
(919) 949-4828
(650) 567-5496
(408) 517-5956
(408) 527-3711
(510) 666-2946
(510) 666-2887
(734) 747-6152
(781) 687-1329
(313) 761-6025
(603) 570-2636
(978) 288-4570
(978) 288-3030
(925) 737-2100
(408) 297-7766
(734) 995-1697
(408) 635-2023
(408) 635-2020
(425) 936-9568
(408) 543-4801
(408) 749-7084
(408) 346-1544
(640) 694-6812
(301) 939-2739
(410) 880-6095
(845) 435-7063
(845) 432-9414
(507) 253-5218
(507) 253-5156
(507) 253-5337
(408) 853-8905
(614) 327-8046
(510) 666-6989
(408) 967-3806
(510) 649-8914
(613) 736-0961
(949) 400-4444
(818) 676-2300
(408) 526-8216
(408) 525-8674
(408) 678-8600
(408) 678-8800
(408) 527-5337
(408) 399-3623
(800) 526-5463
(131) 558-3888
(919) 991-8870
(310) 823-8649
(703) 227-0660
(703) 227-0676
(313) 936-2095
(978) 442-3252
(908) 580-4991
(734) 821-1205
(734) 821-1235
(734) 821-1203
(303) 924-5060
(650) 327-4466
(585) 442-4832
(585) 265-8755
(801) 863-8848
(775) 414-0245
(716) 422-2338
(716) 265-8871
(650) 324-4000
(310) 333-6342
(116) 496-0348
(978) 952-1368
(408) 383-7223
(510) 486-5692
(510) 486-4790
(408) 495-7356
(408) 371-8977
(415) 786-5790
(425) 703-6619
(207) 797-0525
(978) 684-7796
(978) 684-3118
(408) 954-7909
(208) 366-1177
(408) 526-5139
(416) 348-6090
(416) 348-2210
(919) 486-2684
(919) 543-4653
(978) 287-9102
(408) 495-2992
(908) 949-7671
(503) 466-8406
(503) 264-4632
(781) 505-2155
(815) 477-2127
(847) 632-3028
(703) 484-3323
(919) 392-3121
(732) 699-3728
(301) 468-9228
(408) 745-2074
(978) 244-8143
(408) 745-3704
(408) 853-3206
(613) 254-3519
(613) 254-3484
(613) 254-3693
(732) 949-6712
(732) 949-0399
(531) 391-3266
(531) 391-5936
(732) 936-1763
(770) 935-5492
(650) 298-5549
(408) 525-1404
(781) 442-0504
(781) 466-3076
(781) 466-2838
(630) 979-7673
(630) 713-3663
(630) 713-9359
(630) 713-4982
(408) 526-4527
(408) 527-2446
(510) 643-7684
(216) 433-8705
(630) 976-7673
(425) 468-0955
(972) 684-7277
(614) 923-5657
(630) 713-5063
(972) 519-4142
(972) 519-3300
(858) 332-5670
(972) 479-2089
(678) 339-4439
(847) 632-1563
(619) 651-3623
(972) 761-7755
(913) 664-8335
(847) 342-6769
(847) 477-9280
(973) 829-4795
(925) 279-6142
(734) 936-0291
(732) 949-0137
(630) 713-5538
(919) 463-3258
(919) 380-6638
(972) 518-5102
(972) 518-3628
(978) 244-8000
(425) 703-2032
(650) 625-2037
(919) 301-4277
(978) 244-4733
(425) 936-8601
(425) 703-9581
(408) 468-6265
(425) 705-2254
(734) 936-2100
(781) 895-4949
(650) 786-5088
(650) 786-5096
(781) 768-5347
(613) 765-0249
(408) 853-5269
(972) 684-5767
(206) 266-2196
(131) 776-6042
(425) 838-8080
(901) 732-9760
(919) 254-2202
(919) 558-2200
(301) 529-4427
(408) 853-4065
(613) 271-4018
(781) 993-4900
(978) 263-2002
(408) 904-4748
(914) 784-3254
(781) 301-4655
(978) 244-8078
(408) 894-7362
(650) 316-6065
(425) 820-3009
(425) 936-2268
(801) 861-2645
(508) 261-5707
(978) 936-0000
(978) 292-4354
(919) 254-8789
(919) 254-5721
(713) 623-0089
(858) 452-4826
(858) 597-8979
(301) 601-4099
(301) 601-4275
(650) 786-7503
(613) 763-7539
(613) 724-4726
(801) 294-3034
(604) 924-1742
(732) 758-5260
(613) 763-7305
(732) 512-0969
(919) 991-2251
(919) 991-2274
(919) 361-3230
(919) 361-3299
(408) 527-6351
(408) 853-8294
(919) 254-4455
(973) 829-4869
(973) 829-5889
(719) 785-0648
(408) 527-8791
(202) 707-6237
(212) 963-0623
(617) 497-6222
(617) 868-0784
(617) 520-8401
(617) 513-9060
(781) 332-1165
(650) 968-4470
(212) 559-2900
(508) 851-8280
(888) 517-2675
(310) 317-5147
(310) 317-5695
(707) 789-3700
(650) 786-3502
(978) 288-8175
(408) 527-2690
(914) 654-4810
(617) 494-9980
(310) 333-8273
(610) 296-5718
(919) 460-5563
(919) 460-2162
(919) 460-5533
(919) 460-5549
(520) 621-3498
(520) 621-4642
(408) 527-6169
(972) 894-4882
(972) 894-4589
(972) 894-5935
(972) 894-4232
(520) 621-3489
(520) 621-4246
(847) 262-3083
(408) 284-4132
(847) 222-2483
(408) 943-3031
(408) 451-4711
(800) 250-4800
(206) 780-0431
(514) 345-7862
(617) 513-7285
(847) 763-2370
(916) 483-8878
(301) 405-2774
(978) 667-5115
(521) 106-2902
(408) 861-9550
(703) 886-5645
(978) 684-1330
(603) 577-5544
(914) 591-5677
(408) 525-5386
(703) 907-7497
(703) 907-7728
(847) 523-6868
(847) 523-0375
(908) 306-4154
(908) 306-7731
(913) 890-4248
(913) 890-4291
(630) 713-4182
(301) 548-6819
(301) 548-1196
(216) 433-5787
(732) 420-3756
(301) 444-1747
(617) 744-1079
(972) 664-0727
(925) 210-3900
(925) 210-3460
(650) 627-5244
(312) 374-2475
(312) 870-2475
(847) 262-2987
(847) 262-2255
(972) 479-3782
(818) 878-4485
(847) 632-4524
(847) 632-3281
(408) 526-6296
(650) 336-1684
(650) 691-0893
(973) 829-4752
(973) 829-5174
(973) 829-5601
(732) 949-3306
(732) 949-4513
(972) 894-6966
(972) 996-5075
(972) 996-5174
(972) 996-2047
(217) 265-5414
(410) 480-2052
(503) 712-1554
(408) 527-8218
(503) 264-8231
(425) 471-4861
(978) 683-1814
(613) 247-2598
(512) 378-1182
(614) 923-6200
(508) 305-7000
(805) 893-2777
(732) 420-8934
(508) 333-2270
(978) 244-8532
(415) 661-6343
(650) 723-3352
(312) 360-8245
(703) 628-3180
(421) 218-6392
(650) 943-1843
(503) 702-2303
(425) 703-8729
(919) 392-6951
(858) 350-9733
(650) 948-6500
(650) 745-0671
(972) 479-4739
(978) 367-8400
(603) 457-5944
(703) 298-5291
(703) 847-1801
(408) 666-2326
(650) 919-3215
(978) 692-6724
(214) 291-1111
(978) 689-1610
(978) 288-4506
(978) 462-7091
(617) 247-2624
(978) 244-3087
(732) 420-4578
(732) 368-8659
(613) 765-7912
(613) 763-4534
(613) 765-2252
(613) 592-2100
(978) 288-3041
(650) 320-8549
(973) 952-5000
(408) 527-7147
(847) 202-9314
(604) 454-3516
(650) 381-6003
(973) 360-8775
(650) 930-5283
(202) 694-5613
(301) 649-4728
(613) 789-1818
(464) 619-3000
(607) 272-7512
(408) 366-3358
(607) 273-0724
(570) 897-7123
(425) 930-0171
(703) 371-3043
(650) 948-3135
(818) 865-6600
(408) 527-8083
(650) 813-5850
(732) 923-4237
(303) 661-3823
(650) 381-6226
(421) 201-7028
(421) 218-7595
(115) 943-4989
(978) 288-5508
(650) 623-1300
(408) 902-3341
(630) 224-0216
(650) 391-5969
(732) 747-9987
(908) 582-0435
(408) 750-5217
(256) 726-9200
(919) 850-6194
(256) 726-9271
(919) 850-6670
(206) 600-7022
(727) 530-8257
(727) 532-5698
(303) 470-9257
(617) 253-0774
(514) 733-8500
(973) 360-8630
(973) 360-8602
(650) 857-2206
(425) 468-1061
(310) 448-9300
(919) 472-9913
(508) 261-5312
(421) 200-3587
(603) 598-9575
(443) 778-1319
(401) 663-5024
(408) 789-4099
(732) 420-3752
(651) 256-2700
(408) 941-0500
(408) 525-6906
(916) 941-8814
(603) 897-2067
(978) 936-1674
(508) 259-3734
(650) 786-4171
(650) 381-6000
(303) 682-2412
(806) 742-3527
(408) 527-9132
(972) 473-5455
(780) 490-1141
(510) 747-2917
(408) 527-0446
(613) 723-9161
(919) 852-5160
(916) 415-0437
(703) 886-4425
(732) 420-3712
(916) 785-2656
(916) 785-4578
(650) 723-2458
(763) 398-1054
(425) 703-4913
(914) 784-7481
(732) 949-5249
(732) 949-4556
(650) 625-2359
(908) 222-4225
(617) 253-8400
(650) 426-3291
(240) 631-1100
(408) 745-2073
(613) 765-1437
(613) 763-6553
(847) 632-5030
(781) 993-3627
(613) 789-0090
(805) 544-1089
(650) 331-1620
(801) 326-5421
(512) 436-9098
(512) 436-1193
(732) 420-2632
(732) 368-1690
(781) 993-3636
(781) 993-1907
(732) 687-1762
(781) 993-3785
(732) 949-1667
(732) 949-7016
(240) 314-3597
(301) 315-0033
(914) 784-7408
(847) 435-0730
(847) 632-6800
(732) 420-1571
(732) 368-1192
(801) 594-2809
(510) 578-0158
(510) 744-5152
(707) 535-7300
(707) 362-1125
(408) 527-0811
(541) 969-2483
(617) 253-8713
(425) 705-2790
(503) 712-2303
(650) 336-1681
(408) 936-2630
(978) 367-8403
(781) 213-2324
(425) 706-9760
(510) 594-5501
(510) 594-5429
(415) 946-3800
(978) 936-1089
(978) 323-4454
(425) 503-0881
(650) 303-3790
(408) 972-3645
(774) 348-4627
(978) 288-0620
(732) 923-9804
(650) 386-6723
(613) 599-9104
(630) 798-6197
(630) 308-3213
(314) 515-3431
(613) 520-2600
(732) 420-9061
(212) 367-7676
(703) 948-3257
(408) 972-3720
(978) 467-5645
(755) 289-7023
(408) 366-4700
(732) 420-1573
(703) 847-1867
(514) 906-4965
(408) 432-7623
(202) 533-1234
(202) 533-0000
(202) 533-9999
(571) 434-5410
(571) 434-5401
(571) 434-5570
(571) 434-5572
(972) 729-4071
(503) 712-1168
(613) 591-2735
(425) 706-2268
(650) 796-4578
(408) 526-5673
(408) 853-5856
(408) 750-5465
(408) 750-5460
(408) 750-5449
(408) 822-6000
(650) 372-5757
(801) 861-7021
(732) 332-5983
(888) 462-3568
(310) 206-3925
(201) 689-6330
(408) 635-7911
(919) 387-6971
(818) 676-2412
(818) 889-0011
(818) 676-2468
(503) 612-4422
(781) 398-8800
(408) 878-6500
(613) 768-3409
(613) 763-4400
(425) 580-6898
(512) 838-3622
(503) 712-1760
(617) 536-3279
(781) 442-0000
(781) 442-1706
(919) 392-8387
(503) 245-4543
(410) 381-9400
(408) 526-4796
(408) 527-7677
(781) 729-9559
(503) 264-0334
(415) 248-3800
(212) 939-7095
(650) 739-1843
(847) 523-0440
(408) 768-4974
(650) 607-6296
(858) 651-6383
(310) 825-5178
(858) 845-1161
(650) 691-2170
(805) 893-3411
(805) 893-8553
(513) 556-2594
(513) 556-7326
(732) 420-1921
(314) 317-7504
(978) 264-4900
(978) 936-1470
(480) 554-3116
(408) 635-7903
(613) 763-5229
(408) 569-6813
(408) 527-0955
(650) 864-6794
(408) 525-7198
(865) 671-6255
(972) 906-2034
(410) 939-8732
(916) 785-5753
(916) 785-8478
(603) 337-1506
(650) 423-1317
(613) 276-6809
(787) 832-4717
(732) 949-8338
(412) 268-2638
(408) 635-2000
(301) 975-3667
(630) 798-6182
(510) 896-2908
(408) 526-6488
(770) 614-6944
(770) 614-3951
(443) 778-6951
(973) 360-8726
(973) 360-8050
(978) 367-5600
(978) 367-5700
(972) 883-2337
(972) 883-2349
(734) 913-4250
(608) 262-0771
(914) 784-7320
(408) 527-4020
(678) 581-9656
(978) 367-2505
(978) 256-4203
(703) 561-2540
(408) 366-4713
(732) 923-4264
(408) 943-1794
(408) 936-2720
(978) 749-9999
(650) 964-8391
(408) 857-6810
(131) 776-6167
(214) 912-1373
(949) 450-8700
(978) 288-7708
(720) 558-4142
(720) 558-8999
(978) 206-9124
(408) 853-4053
(408) 526-7864
(719) 785-0644
(703) 262-5316
(703) 262-5307
(703) 262-5340
(443) 367-7000
(940) 565-2822
(781) 993-3685
(781) 993-3858
(412) 268-7456
(703) 948-3382
(918) 555-3333
(314) 555-1111
(972) 555-2222
(972) 555-9999
(603) 879-7364
(005) 200-3264
(408) 879-8080
(408) 526-8570
(650) 859-4216
(650) 859-4812
(650) 625-2331
(650) 859-4302
(410) 290-6169
(617) 873-5939
(212) 939-7004
(617) 491-5735
(919) 644-3977
(408) 525-5354
(613) 254-3678
(508) 553-8644
(216) 243-7361
(408) 853-4418
(301) 349-5815
(507) 253-7583
(703) 886-1753
(650) 693-3921
(916) 785-5621
(919) 696-8130
(763) 555-1212
(408) 927-1892
(408) 256-0403
(763) 398-1000
(650) 207-8012
(503) 712-1849
(503) 264-4843
(408) 333-7318
(408) 333-7099
(925) 363-8720
(217) 333-0799
(978) 497-4733
(650) 426-3204
(408) 974-3162
(408) 349-7051
(253) 830-0372
(503) 264-8813
(425) 706-6711
(973) 360-8653
(408) 683-2700
(721) 608-6413
(302) 831-8622
(215) 286-7813
(978) 275-7448
(469) 229-5397
(214) 755-3870
(408) 536-7692
(800) 555-0815
(281) 518-5037
(408) 750-5160
(613) 254-4578
(425) 482-9721
(212) 893-3682
(408) 571-3516
(978) 275-7400
(978) 244-3051
(721) 608-8104
(310) 448-9327
(080) 596-3621
(630) 252-8711
(512) 257-7633
(512) 257-7877
(760) 431-4435
(408) 333-8128
(408) 303-8135
(763) 398-1007
(612) 802-3299
(719) 548-3272
(408) 404-3119
(408) 941-2166
(949) 837-1733
(919) 463-4020
(919) 463-4041
(303) 460-4142
(303) 465-4996
(508) 870-6593
(510) 743-3018
(510) 687-0136
(408) 234-0071
(949) 788-6368
(949) 753-9500
(763) 268-6139
(626) 395-6911
(003) 151-2152
(628) 151-2142
(628) 151-2161
(378) 151-2161
(378) 151-2142
(408) 853-7530
(650) 786-4785
(650) 937-3194
(604) 982-3424
(858) 845-1267
(408) 495-3756
(613) 967-5343
(914) 784-7439
(914) 784-6225
(410) 516-5847
(650) 862-0523
(208) 824-8690
(617) 623-3745
(847) 432-8857
(703) 488-9740
(416) 433-4298
(613) 878-8142
(781) 442-0926
(161) 295-5351
(408) 394-8702
(610) 555-1212
(610) 219-3938
(818) 871-1800
(303) 308-3282
(413) 473-2403
(604) 647-2315
(978) 936-1379
(425) 818-4011
(505) 797-7762
(408) 349-6153
(508) 786-7501
(469) 330-3616
(416) 555-1234
(539) 917-3307
(416) 885-0221
(919) 843-7004
(415) 397-2555
(408) 527-0251
(408) 525-1835
(408) 853-1676
(211) 104-1001
(172) 300-0813
(215) 354-5166
(613) 763-1496
(408) 635-2025
(664) 420-4100
(650) 641-7817
(650) 641-7701
(630) 713-1921
(734) 834-6481
(425) 703-3568
(707) 283-5063
(408) 853-9612
(614) 213-6117
(978) 461-0249
(617) 249-0874
(408) 878-6562
(408) 878-6501
(630) 979-1572
(408) 997-6136
(408) 957-4980
(603) 382-7080
(301) 975-3613
(301) 590-0932
(978) 936-0382
(914) 784-7076
(831) 459-3046
(434) 296-0277
(303) 920-6545
(303) 920-6553
(617) 492-8835
(908) 246-5048
(732) 420-9036
(212) 714-4334
(650) 786-8250
(212) 940-1812
(919) 254-7332
(408) 544-5656
(732) 699-5305
(919) 548-4207
(408) 853-9580
(408) 526-5030
(541) 346-1774
(425) 344-8113
(508) 293-7953
(978) 497-6238
(781) 359-5071
(978) 964-2070
(503) 712-1791
(972) 684-5432
(734) 222-1610
(703) 814-4402
(408) 525-8651
(212) 939-7149
(703) 435-1775
(978) 367-8965
(978) 614-8748
(978) 288-6414
(410) 336-4796
(303) 996-7560
(818) 251-1058
(408) 579-3383
(925) 474-2233
(408) 754-3018
(408) 527-4252
(905) 567-6900
(310) 206-3091
(723) 153-2176
(649) 150-8765
(617) 864-0455
(613) 967-5034
(303) 680-3924
(408) 399-3501
(117) 312-9920
(617) 253-7288
(732) 699-5577
(732) 699-6068
(732) 699-8968
(703) 917-0060
(410) 859-5449
(703) 378-5808
(301) 939-2722
(972) 985-4594
(408) 567-5765
(520) 519-4409
(425) 706-3135
(408) 519-3986
(805) 371-1377
(117) 930-9600
(408) 927-1417
(626) 795-5311
(919) 392-8489
(415) 558-0136
(425) 722-2543
(503) 264-6121
(206) 256-3380
(818) 249-8906
(978) 936-1398
(412) 370-3108
(212) 617-3682
(408) 420-7617
(805) 137-7023
(732) 420-2653
(732) 420-3721
(650) 426-3832
(408) 421-9990
(203) 341-8705
(732) 420-3017
(869) 762-1410
(408) 745-2952
(650) 641-0082
(978) 275-7470
(314) 628-7036
(734) 222-1600
(919) 392-2061
(214) 550-1416
(408) 832-5729
(972) 685-0574
(972) 684-4732
(503) 264-3253
(425) 580-5526
(443) 502-5815
(650) 283-8068
(408) 527-6109
(978) 689-1614
(781) 768-5329
(408) 525-8836
(949) 926-6288
(604) 233-8605
(949) 926-5768
(617) 253-0161
(978) 555-1212
(408) 495-5138
(508) 786-7563
(508) 786-7594
(866) 594-8574
(514) 905-8694
(408) 376-8817
(650) 812-7705
(415) 946-3040
(908) 947-7059
(505) 332-5700
(408) 526-8614
(651) 587-7774
(612) 625-2002
(858) 534-8833
(408) 525-6562
(650) 274-2109
(408) 349-5504
(613) 591-9104
(561) 862-2109
(613) 763-6362
(613) 889-6158
(732) 949-2407
(732) 420-1916
(503) 578-3422
(650) 786-5146
(613) 763-5827
(123) 456-7890
(801) 861-3854
(801) 861-3212
(301) 325-5475
(703) 555-1234
(603) 890-7587
(805) 884-6207
(805) 884-3162
(214) 823-9325
(613) 763-2515
(408) 527-8382
(408) 527-8576
(508) 618-0312
(678) 352-2726
(555) 555-1002
(555) 555-2000
(412) 268-7225
(888) 555-1212
(646) 827-0648
(203) 300-7786
(403) 806-3366
(425) 722-2225
(408) 930-1443
(650) 786-7551
(510) 527-0601
(206) 853-5843
(206) 221-6512
(631) 961-8950
(972) 728-2363
(443) 430-8014
(443) 430-8163
(443) 430-8032
(443) 430-8181
(443) 430-8058
(443) 430-8207
(908) 268-1629
(703) 739-5000
(817) 271-3552
(732) 420-4574
(408) 853-7927
(858) 404-2366
(408) 505-4392
(734) 276-2459
(613) 254-3544
(303) 667-8761
(781) 547-0329
(650) 254-1184
(781) 577-1539
(503) 264-9703
(972) 374-1861
(443) 430-8000
(613) 763-6098
(613) 765-7462
(978) 288-8700
(978) 936-1881
(469) 255-6557
(408) 493-8505
(408) 705-2978
(010) 600-3736
(425) 373-2852
(310) 448-9173
(216) 433-6682
(408) 348-5343
(650) 496-4402
(650) 739-0779
(011) 228-6904
(972) 708-7400
(972) 708-7546
(512) 468-8078
(979) 845-7598
(408) 527-0677
(161) 973-4278
(916) 785-1910
(916) 785-1815
(604) 233-8500
(408) 526-5914
(520) 747-3955
(818) 338-4112
(508) 439-9008
(512) 996-6604
(800) 123-4567
(202) 544-0000
(202) 533-6789
(202) 000-0000
(703) 439-2120
(703) 326-9881
(703) 555-5555
(978) 936-1535
(732) 852-3200
(732) 817-5922
(713) 918-1816
(408) 544-5559
(408) 501-7800
(202) 663-6872
(703) 620-1222
(469) 360-8500
(604) 762-5606
(650) 704-8389
(781) 466-2362
(714) 736-9774
(714) 736-9775
(713) 348-3063
(713) 348-5930
(425) 706-7785
(217) 333-4220
(732) 420-1239
(732) 420-2353
(734) 995-7060
(781) 405-7464
(403) 663-3322
(720) 558-3452
(650) 326-7627
(604) 675-2704
(571) 434-5651
(212) 919-3086
(404) 327-6339
(215) 555-0123
(215) 555-0199
(215) 981-7813
(310) 866-0165
(408) 526-8982
(469) 255-4122
(919) 392-3723
(919) 476-2029
(512) 418-0590
(617) 951-7756
(858) 658-3608
(617) 253-2613
(617) 258-5999
(617) 253-5702
(617) 258-8682
(949) 824-7403
(650) 812-4365
(541) 346-1747
(408) 495-2456
(617) 873-2575
(858) 845-8996
(847) 372-8481
(530) 902-3131
(530) 792-1913
(770) 617-3722
(919) 392-3741
(919) 392-7428
(703) 689-6425
(206) 310-0596
(172) 524-0521
(773) 695-8201
(412) 268-2329
(310) 267-2254
(310) 301-5800
(703) 234-1823
(703) 848-0727
(818) 393-3353
(818) 354-1075
(703) 983-7535
(703) 983-7142
(510) 495-3014
(510) 495-3049
(818) 354-3063
(818) 393-3575
(703) 983-6547
(818) 393-0695
(818) 354-6825
(410) 872-8079
(858) 551-4950
(650) 255-3389
(650) 926-5865
(613) 763-2208
(613) 765-3418
(603) 465-3130
(703) 561-5937
(703) 883-6469
(978) 936-1622
(978) 936-2030
(650) 319-9016
(408) 349-6831
(978) 964-2142
(408) 447-3044
(408) 716-4300
(530) 752-3128
(650) 423-1333
(617) 201-2655
(301) 240-7041
(301) 240-5748
(418) 266-5533
(972) 509-0309
(408) 387-6123
(408) 895-1387
(408) 428-9590
(650) 326-7620
(415) 692-0828
(703) 948-3200
(858) 658-4628
(533) 348-2402
(703) 435-1274
(412) 268-9783
(724) 382-1051
(408) 836-4773
(408) 777-8493
(908) 443-8174
(650) 714-7618
(703) 860-9273
(856) 324-2671
(612) 625-0572
(763) 268-7173
(763) 268-6800
(831) 480-2300
(630) 979-7036
(206) 792-2424
(650) 426-3478
(425) 707-8979
(281) 514-2769
(949) 926-6383
(206) 701-2090
(919) 248-6075
(949) 585-6432
(972) 301-3630
(408) 927-2085
(408) 447-3191
(503) 712-4106
(949) 926-7149
(949) 926-6941
(916) 570-2707
(916) 785-5198
(512) 838-7739
(512) 838-5156
(512) 838-3685
(281) 514-5543
(281) 514-9489
(831) 247-4464
(949) 926-6432
(949) 926-8635
(603) 868-8411
(425) 705-5442
(512) 838-1365
(617) 873-3180
(703) 715-7521
(916) 788-5662
(425) 897-2033
(425) 706-6606
(503) 642-3950
(408) 366-4639
(815) 342-5222
(512) 728-0000
(949) 528-3085
(512) 493-3242
(512) 343-9196
(919) 660-6559
(978) 779-7224
(408) 333-5244
(360) 378-8526
(408) 957-5608
(408) 957-6012
(408) 285-6116
(914) 784-3251
(703) 915-6862
(797) 040-1426
(412) 555-1234
(650) 423-1307
(201) 529-1100
(303) 661-3307
(858) 404-2334
(412) 268-9748
(131) 561-3616
(408) 976-9149
(408) 853-0480
(919) 392-8044
(650) 862-7368
(650) 796-7502
(914) 761-1100
(310) 369-7093
(613) 768-2231
(617) 253-5261
(323) 931-6717
(609) 620-4585
(240) 228-1743
(240) 228-0789
(216) 433-6587
(408) 525-7555
(408) 527-6148
(408) 307-7455
(703) 227-9884
(202) 404-1194
(503) 712-1754
(351) 234-3779
(858) 845-2483
(908) 443-8141
(919) 787-8162
(613) 254-3656
(626) 357-7012
(909) 457-4293
(408) 654-8143
(510) 574-2305
(408) 734-8820
(613) 763-4730
(760) 438-5656
(408) 321-4840
(408) 526-8168
(703) 227-9894
(908) 582-8753
(304) 555-0123
(978) 614-8456
(703) 983-7209
(650) 496-4711
(408) 735-7679
(443) 430-8089
(443) 430-8052
(314) 378-2571
(972) 555-1234
(408) 500-1135
(416) 929-5854
(714) 327-3403
(201) 183-7637
(201) 183-7673
(224) 465-5954
(978) 367-5611
(650) 423-1300
(802) 897-5339
(604) 453-9424
(607) 255-1008
(408) 525-5134
(919) 392-5158
(425) 722-6980
(650) 543-1280
(650) 732-2273
(650) 216-2039
(408) 853-5548
(408) 853-0532
(805) 499-1994
(734) 604-0332
(408) 480-4716
(408) 754-1213
(408) 902-3240
(408) 754-8408
(650) 714-7758
(925) 474-2212
(240) 373-5069
(905) 629-4746
(630) 363-1389
(978) 936-1612
(908) 582-2617
(510) 260-4175
(603) 457-5933
(530) 267-7447
(978) 936-1633
(202) 767-3397
(613) 949-8216
(510) 594-5400
(908) 947-7084
(973) 437-4519
(256) 428-6000
(219) 866-6114
(410) 404-8790
(208) 724-7801
(215) 895-1862
(215) 895-2248
(858) 534-8338
(512) 232-7722
(425) 722-8870
(609) 258-5182
(131) 561-3641
(972) 479-2951
(216) 433-3494
(206) 280-3715
(302) 857-7910
(302) 857-6552
(732) 420-4962
(978) 821-8577
(603) 253-6602
(847) 467-5519
(847) 467-6455
(973) 360-8764
(418) 265-7357
(415) 713-5473
(617) 273-4000
(865) 974-3126
(865) 974-8296
(732) 699-5368
(650) 279-5903
(800) 300-6048
(421) 218-8264
(421) 218-3601
(512) 402-5811
(617) 575-1599
(508) 305-8545
(412) 323-3500
(510) 608-7770
(602) 938-3163
(630) 979-5490
(908) 582-2626
(212) 565-5907
(908) 582-2359
(203) 432-1055
(931) 318-6644
(604) 918-6376
(604) 918-6383
(781) 768-5359
(919) 476-5320
(617) 873-8000
(360) 513-2293
(858) 658-3538
(847) 576-4714
(235) 009-9200
(415) 692-1760
(617) 873-8047
(613) 591-6655
(607) 330-5711
(951) 237-8825
(755) 289-7291
(919) 308-1216
(214) 504-1987
(408) 555-6789
(151) 628-2088
(972) 479-2041
(310) 463-9062
(847) 576-3440
(206) 377-9035
(414) 524-4010
(999) 555-0167
(253) 371-5667
(650) 678-2350
(800) 106-2009
(499) 124-6226
(301) 617-3008
(972) 555-0150
(613) 270-3181
(310) 399-1747
(650) 426-3458
(724) 931-9316
(908) 582-0672
(408) 525-6486
(803) 345-0369
(408) 853-5257
(973) 236-6700
(973) 236-7453
(732) 420-4172
(212) 854-3109
(408) 544-5809
(721) 608-4641
(415) 968-2510
(408) 221-8702
(407) 150-8800
(242) 150-8825
(846) 979-9039
(407) 575-2054
(408) 737-0274
(914) 277-4312
(800) 336-7483
(408) 986-8899
(512) 836-1935
(415) 897-8888
(613) 722-8843
(416) 947-4284
(314) 851-3422
(309) 229-3009
(805) 522-3333
(508) 285-0033
(514) 735-2741
(205) 988-7105
(513) 983-1100
(714) 588-2070
(212) 383-9061
(617) 466-9850
(408) 954-8000
(513) 745-0500
(416) 441-9966
(301) 831-1182
(404) 715-2948
(408) 720-6520
(305) 591-7752
(800) 275-3500
(504) 364-7630
(415) 969-7572
(216) 543-6000
(704) 878-4107
(510) 602-4358
(714) 362-4040
(716) 688-4640
(314) 567-8482
(416) 348-5197
(813) 878-4298
(408) 441-4043
(703) 506-9556
(714) 455-1688
(602) 548-2113
(408) 703-2763
(612) 561-4944
(714) 724-1070
(408) 321-5182
(514) 651-6164
(408) 434-6767
(901) 369-2152
(206) 857-3399
(708) 439-2800
(714) 557-1637
(702) 883-7611
(514) 485-7104
(708) 317-5054
(708) 818-4662
(215) 657-8600
(609) 866-1100
(805) 967-3494
(508) 393-1777
(619) 291-2973
(408) 923-0301
(603) 625-4050
(818) 709-1778
(712) 276-0034
(703) 490-7205
(619) 536-8023
(407) 242-2733
(862) 577-5400
(510) 498-8500
(818) 718-6300
(862) 646-3311
(510) 443-1133
(619) 675-1376
(209) 292-1111
(612) 785-3500
(401) 683-6100
(714) 991-9460
(801) 942-1752
(619) 673-2161
(510) 770-9390
(816) 221-1024
(703) 658-3400
(408) 980-7766
(314) 878-1422
(214) 690-8844
(206) 764-7506
(301) 695-1547
(609) 520-5505
(212) 723-3919
(407) 997-6033
(203) 385-4580
(415) 494-6473
(631) 825-3788
(214) 361-8086
(612) 832-9800
(310) 453-0404
(612) 378-7800
(181) 975-3030
(416) 941-6007
(171) 407-5555
(405) 947-8080
(408) 399-4877
(604) 436-2922
(312) 867-5050
(909) 860-7968
(201) 963-0005
(817) 709-1627
(650) 426-5173
(416) 756-2324
(503) 264-2196
(972) 583-2769
(711) 821-4717
(508) 435-0448
(415) 202-5192
(303) 661-3302
(408) 400-1900
(919) 599-5666
(408) 853-9317
(666) 555-1234
(613) 592-4343
(301) 961-3131
(800) 555-1111
(408) 330-4424
(717) 358-4774
(201) 467-5135
(650) 725-9064
(650) 725-6086
(410) 516-4312
(408) 853-8475
(407) 574-7273
(650) 387-6118
(949) 242-0391
(800) 225-5224
(408) 759-1973
(800) 393-3353
(495) 661-2178
(495) 912-6786
(908) 582-3207
(908) 582-3209
(303) 473-6963
(310) 993-7128
(519) 670-9327
(613) 993-0880
(972) 543-5849
(408) 572-5200
(408) 765-8080
(408) 333-7149
(408) 447-1497
(115) 714-0042
(240) 404-2227
(514) 895-8212
(412) 605-0499
(412) 605-0705
(510) 492-4000
(781) 301-2471
(781) 687-7817
(208) 824-8828
(972) 813-5208
(508) 309-2179
(571) 926-8593
(978) 936-0533
(978) 936-1484
(408) 512-2966
(408) 527-8230
(703) 845-0656
(404) 499-7026
(512) 378-1482
(412) 268-8391
(919) 392-3266
(571) 748-4373
(301) 975-3973
(408) 330-4545
(408) 859-4996
(617) 873-1951
(617) 873-2551
(666) 555-1212
(666) 555-1213
(408) 936-0385
(617) 491-1350
(213) 325-2363
(973) 360-8871
(315) 228-7587
(908) 582-3744
(703) 345-3513
(617) 951-1225
(240) 454-9817
(408) 424-1547
(510) 643-7572
(650) 903-0800
(469) 277-5838
(943) 504-3907
(615) 504-3235
(287) 504-2563
(959) 504-1891
(631) 504-1219
(254) 601-3596
(926) 601-2924
(598) 601-2252
(270) 601-1580
(233) 699-3617
(905) 699-2945
(577) 699-2273
(249) 699-1601
(422) 797-3428
(094) 797-2756
(766) 797-2084
(438) 797-1412
(073) 895-2777
(745) 895-2105
(417) 895-1433
(569) 993-3281
(241) 993-2609
(913) 993-1937
(585) 993-1265
(338) 504-3512
(010) 504-2840
(682) 504-2168
(354) 504-1496
(695) 602-3155
(367) 602-2483
(039) 602-1811
(711) 602-1139
(800) 700-3050
(472) 700-2378
(144) 700-1706
(816) 700-1034
(338) 798-3512
(010) 798-2840
(682) 798-2168
(354) 798-1496
(464) 896-3386
(136) 896-2714
(808) 896-2042
(480) 896-1370
(590) 994-3260
(262) 994-2588
(934) 994-1916
(606) 994-1244
(136) 504-2714
(808) 504-2042
(480) 504-1370
(178) 602-2672
(850) 602-2000
(522) 602-1328
(401) 700-3449
(073) 700-2777
(745) 700-2105
(417) 700-1433
(674) 798-3176
(346) 798-2504
(018) 798-1832
(690) 798-1160
(926) 896-2924
(598) 896-2252
(270) 896-1580
(926) 994-2924
(598) 994-2252
(270) 994-1580
(506) 504-3344
(178) 504-2672
(850) 504-2000
(522) 504-1328
(401) 602-3449
(073) 602-2777
(745) 602-2105
(417) 602-1433
(191) 700-3659
(863) 700-2987
(535) 700-2315
(207) 700-1643
(590) 798-3260
(262) 798-2588
(934) 798-1916
(606) 798-1244
(380) 896-3470
(052) 896-2798
(724) 896-2126
(396) 896-1454
(191) 994-3659
(863) 994-2987
(535) 994-2315
(207) 994-1643
(136) 602-2714
(808) 602-2042
(480) 602-1370
(262) 700-2588
(934) 700-1916
(606) 700-1244
(464) 798-3386
(136) 798-2714
(808) 798-2042
(480) 798-1370
(653) 896-3197
(325) 896-2525
(997) 896-1853
(669) 896-1181
(073) 994-2777
(745) 994-2105
(417) 994-1433
(626) 676-8852
(800) 553-6387
(724) 741-5101
(734) 665-1204
(310) 309-6884
(100) 235-5387
(732) 420-2486
(800) 678-4333
(732) 981-0060
(732) 562-1571
(732) 981-3424
(732) 562-6850
(732) 562-3966
(732) 562-1746
(732) 465-6434
(408) 743-5677
(217) 555-1234
(613) 555-1234
(972) 555-2345
(908) 298-9000
(617) 275-1800
(617) 247-7959
(870) 051-9937
(650) 423-1378
(443) 778-7127
(443) 778-7463
